2016-Sep-23 16:27:05,033 DEBUG_0 [RunCrateCtrlActions* Ctrl_init_RunCrateCtrlActions(...) at RodCrate/src/controller/RunCrateCtrlActions.cpp:88] Creating instance of RunCrateCtrlActions
error: 0x20c      => major: Error  12 in package   2 => VMEbus driver/library for the RCC: Error from file operation (open/close)
2016-Sep-23 16:27:05,034 DEBUG_0 [void RunCtrlActions::Initialize(...) at RodCrate/src/controller/RunCtrlActions.cpp:578] Environment variable> CORAL_AUTH_PATH=/atlas/db/.adm/coral
2016-Sep-23 16:27:05,034 DEBUG_0 [void RunCtrlActions::Initialize(...) at RodCrate/src/controller/RunCtrlActions.cpp:578] Environment variable> CORAL_DBLOOKUP_PATH=/atlas/db/.adm/coral
2016-Sep-23 16:27:05,034 DEBUG_0 [void RunCtrlActions::Initialize(...) at RodCrate/src/controller/RunCtrlActions.cpp:578] Environment variable> DF_CONFIG_IS_SERVER=DFConfig
2016-Sep-23 16:27:05,034 DEBUG_0 [void RunCtrlActions::Initialize(...) at RodCrate/src/controller/RunCtrlActions.cpp:578] Environment variable> L1_RATES_IS=L1TriggerRates
2016-Sep-23 16:27:05,034 DEBUG_0 [void RunCtrlActions::Initialize(...) at RodCrate/src/controller/RunCtrlActions.cpp:578] Environment variable> LARG_DESTINATION_BASE_PORT=20000:1
2016-Sep-23 16:27:05,034 DEBUG_0 [void RunCtrlActions::Initialize(...) at RodCrate/src/controller/RunCtrlActions.cpp:578] Environment variable> LARG_IS_SERVER_NAME=RunParams
2016-Sep-23 16:27:05,034 DEBUG_0 [void RunCtrlActions::Initialize(...) at RodCrate/src/controller/RunCtrlActions.cpp:578] Environment variable> LARG_ROD_LOG_PATH=/logs/tdaq-06-01-01/LArABBA
2016-Sep-23 16:27:05,034 DEBUG_0 [void RunCtrlActions::Initialize(...) at RodCrate/src/controller/RunCtrlActions.cpp:578] Environment variable> LARG_TOP_SEGMENT_NAME=LArABBA
2016-Sep-23 16:27:05,034 DEBUG_0 [void RunCtrlActions::Initialize(...) at RodCrate/src/controller/RunCtrlActions.cpp:578] Environment variable> LD_LIBRARY_PATH=/det/lar/project/LargOnline/releases/LargOnline-611-31-00/Vme/v11r18p2/x86_64-slc6-gcc49-opt/lib:/det/lar/project/usersarea/alexis/611.31.00/Abba/x86_64-slc6-gcc49-opt/lib:/det/lar/project/LargOnline/releases/LargOnline-611-31-00/RodCrate/v11r0p2/x86_64-slc6-gcc49-opt/lib:/sw/extras/sw_tmp/current/tdq/tdaq-06-01-01/installed//x86_64-slc6-gcc49-opt/lib:/sw/atlas/tdaq/tdaq-06-01-01/installed/x86_64-slc6-gcc49-opt/lib:/sw/atlas/dqm-common/dqm-common-00-51-00/installed/x86_64-slc6-gcc49-opt/lib:/sw/atlas/tdaq-common/tdaq-common-01-42-00/installed/x86_64-slc6-gcc49-opt/lib:/sw/atlas/LCG_81c/Boost/1.59.0_python2.7/x86_64-slc6-gcc49-opt/lib:/sw/atlas/LCG_81c/Python/2.7.9.p1/x86_64-slc6-gcc49-opt/lib:/sw/atlas/LCG_81c/ROOT/6.04.14/x86_64-slc6-gcc49-opt/lib:/sw/atlas/sw/lcg/contrib/gcc/4.9.3/x86_64-slc6-gcc49-opt/lib:/sw/atlas/LCG_81c/COOL/3_1_0/x86_64-slc6-gcc49-opt/lib:/sw/atlas/LCG_81c/CORAL/3_1_0/x86_64-slc6-gcc49-opt/lib:/sw/atlas/LCG_81c/XercesC/3.1.1p1/x86_64-slc6-gcc49-opt/lib:/sw/atlas/LCG_81c/oracle/11.2.0.3.0/x86_64-slc6-gcc49-opt/lib:/sw/atlas/LCG_81c/mysql/5.5.27/x86_64-slc6-gcc49-opt/lib:/sw/atlas/LCG_81c/sqlite/3070900/x86_64-slc6-gcc49-opt/lib:/det/lar/project/usersarea/alexis/611.31.00/Spac/v19r19p1/x86_64-slc6-gcc49-opt/lib:/det/lar/project/LargOnline/releases/LargOnline-611-31-00/Rod/v10r21p1/x86_64-slc6-gcc49-opt/lib
2016-Sep-23 16:27:05,034 DEBUG_0 [void RunCtrlActions::Initialize(...) at RodCrate/src/controller/RunCtrlActions.cpp:578] Environment variable> PATH=/det/lar/project/LargOnline/releases/LargOnline-611-31-00/Vme/v11r18p2/share/bin:/det/lar/project/LargOnline/releases/LargOnline-611-31-00/Vme/v11r18p2/x86_64-slc6-gcc49-opt/bin:/det/lar/project/usersarea/alexis/611.31.00/Abba/share/bin:/det/lar/project/usersarea/alexis/611.31.00/Abba/x86_64-slc6-gcc49-opt/bin:/det/lar/project/LargOnline/releases/LargOnline-611-31-00/RodCrate/v11r0p2/share/bin:/det/lar/project/LargOnline/releases/LargOnline-611-31-00/RodCrate/v11r0p2/x86_64-slc6-gcc49-opt/bin:/sw/extras/sw_tmp/current/tdq/tdaq-06-01-01/installed//share/bin:/sw/extras/sw_tmp/current/tdq/tdaq-06-01-01/installed//x86_64-slc6-gcc49-opt/bin:/sw/atlas/tdaq/tdaq-06-01-01/installed/share/bin:/sw/atlas/tdaq/tdaq-06-01-01/installed/x86_64-slc6-gcc49-opt/bin:/sw/atlas/dqm-common/dqm-common-00-51-00/installed/share/bin:/sw/atlas/dqm-common/dqm-common-00-51-00/installed/x86_64-slc6-gcc49-opt/bin:/sw/atlas/tdaq-common/tdaq-common-01-42-00/installed/share/bin:/sw/atlas/tdaq-common/tdaq-common-01-42-00/installed/x86_64-slc6-gcc49-opt/bin:/sw/atlas/LCG_81c/Boost/1.59.0_python2.7/x86_64-slc6-gcc49-opt/bin:/sw/atlas/LCG_81c/Python/2.7.9.p1/x86_64-slc6-gcc49-opt/bin:/sw/atlas/LCG_81c/ROOT/6.04.14/x86_64-slc6-gcc49-opt/bin:/sw/atlas/sw/lcg/contrib/gcc/4.9.3/x86_64-slc6-gcc49-opt/bin:/sw/atlas/LCG_81c/COOL/3_1_0/x86_64-slc6-gcc49-opt/bin:/sw/atlas/LCG_81c/CORAL/3_1_0/x86_64-slc6-gcc49-opt/bin:/sw/atlas/LCG_81c/XercesC/3.1.1p1/x86_64-slc6-gcc49-opt/bin:/sw/atlas/LCG_81c/oracle/11.2.0.3.0/x86_64-slc6-gcc49-opt/bin:/sw/atlas/LCG_81c/mysql/5.5.27/x86_64-slc6-gcc49-opt/bin:/sw/atlas/LCG_81c/sqlite/3070900/x86_64-slc6-gcc49-opt/bin:/det/lar/project/usersarea/alexis/611.31.00/Spac/v19r19p1/share/bin:/det/lar/project/usersarea/alexis/611.31.00/Spac/v19r19p1/x86_64-slc6-gcc49-opt/bin:/det/lar/project/LargOnline/releases/LargOnline-611-31-00/Rod/v10r21p1/share/bin:/det/lar/project/LargOnline/releases/LargOnline-611-31-00/Rod/v10r21p1/x86_64-slc6-gcc49-opt/bin:/usr/bin:/bin:
2016-Sep-23 16:27:05,034 DEBUG_0 [void RunCtrlActions::Initialize(...) at RodCrate/src/controller/RunCtrlActions.cpp:578] Environment variable> PMG_SYNC_FILE=/tmp/ProcessManager/tdaqsw/pmg://pc-lar-mon-01.cern.ch/LArABBA/ABBA_Controller/1.sync
2016-Sep-23 16:27:05,034 DEBUG_0 [void RunCtrlActions::Initialize(...) at RodCrate/src/controller/RunCtrlActions.cpp:578] Environment variable> ROOTENV_NO_HOME=yes
2016-Sep-23 16:27:05,034 DEBUG_0 [void RunCtrlActions::Initialize(...) at RodCrate/src/controller/RunCtrlActions.cpp:578] Environment variable> ROOTSYS=/sw/atlas/ROOT/6.04.14-f20e4/x86_64-slc6-gcc49-opt
2016-Sep-23 16:27:05,034 DEBUG_0 [void RunCtrlActions::Initialize(...) at RodCrate/src/controller/RunCtrlActions.cpp:578] Environment variable> ROOT_INCLUDE_PATH=/sw/atlas/sw/lcg/contrib/gcc/4.9.3/x86_64-slc6/include/c++/4.9.3
2016-Sep-23 16:27:05,034 DEBUG_0 [void RunCtrlActions::Initialize(...) at RodCrate/src/controller/RunCtrlActions.cpp:578] Environment variable> TDAQ_APPLICATION_NAME=ABBA_Controller
2016-Sep-23 16:27:05,034 DEBUG_0 [void RunCtrlActions::Initialize(...) at RodCrate/src/controller/RunCtrlActions.cpp:578] Environment variable> TDAQ_APPLICATION_OBJECT_ID=ABBA_Controller
2016-Sep-23 16:27:05,034 DEBUG_0 [void RunCtrlActions::Initialize(...) at RodCrate/src/controller/RunCtrlActions.cpp:578] Environment variable> TDAQ_DB=rdbconfig:RDB
2016-Sep-23 16:27:05,034 DEBUG_0 [void RunCtrlActions::Initialize(...) at RodCrate/src/controller/RunCtrlActions.cpp:578] Environment variable> TDAQ_DB_DATA=/det/lar/project/usersarea/alexis/611.31.00/ABBA_PARTITION/database/lar/abba/lar/partitions/Larg.data.xml
2016-Sep-23 16:27:05,034 DEBUG_0 [void RunCtrlActions::Initialize(...) at RodCrate/src/controller/RunCtrlActions.cpp:578] Environment variable> TDAQ_DB_NAME=RDB
2016-Sep-23 16:27:05,034 DEBUG_0 [void RunCtrlActions::Initialize(...) at RodCrate/src/controller/RunCtrlActions.cpp:578] Environment variable> TDAQ_DB_PATH=/det/lar/project/usersarea/alexis/611.31.00/ABBA_PARTITION/database:/det/lar/project/usersarea/alexis/611.31.00/ABBA_PARTITION/database/lar/abba:/atlas/oks/tdaq-06-01-01:/det/lar/project/LargOnline/releases/LargOnline-611-31-00/RodCrate/v11r0p2/database:/det/lar/project/LargOnline/releases/LargOnline-611-31-00/LArDataOut/v1r2p1
2016-Sep-23 16:27:05,034 DEBUG_0 [void RunCtrlActions::Initialize(...) at RodCrate/src/controller/RunCtrlActions.cpp:578] Environment variable> TDAQ_DVS_KB_PATH=/sw/atlas/tdaq/tdaq-06-01-01/installed/share/data
2016-Sep-23 16:27:05,034 DEBUG_0 [void RunCtrlActions::Initialize(...) at RodCrate/src/controller/RunCtrlActions.cpp:578] Environment variable> TDAQ_ERS_DEBUG=lstdout
2016-Sep-23 16:27:05,034 DEBUG_0 [void RunCtrlActions::Initialize(...) at RodCrate/src/controller/RunCtrlActions.cpp:578] Environment variable> TDAQ_ERS_DEBUG_LEVEL=0
2016-Sep-23 16:27:05,034 DEBUG_0 [void RunCtrlActions::Initialize(...) at RodCrate/src/controller/RunCtrlActions.cpp:578] Environment variable> TDAQ_ERS_ERROR=throttle(30,100),lstderr,mts
2016-Sep-23 16:27:05,034 DEBUG_0 [void RunCtrlActions::Initialize(...) at RodCrate/src/controller/RunCtrlActions.cpp:578] Environment variable> TDAQ_ERS_FATAL=lstderr,mts
2016-Sep-23 16:27:05,034 DEBUG_0 [void RunCtrlActions::Initialize(...) at RodCrate/src/controller/RunCtrlActions.cpp:578] Environment variable> TDAQ_ERS_INFO=throttle(30,100),lstdout,mts
2016-Sep-23 16:27:05,035 DEBUG_0 [void RunCtrlActions::Initialize(...) at RodCrate/src/controller/RunCtrlActions.cpp:578] Environment variable> TDAQ_ERS_NO_SIGNAL_HANDLERS=1
2016-Sep-23 16:27:05,035 DEBUG_0 [void RunCtrlActions::Initialize(...) at RodCrate/src/controller/RunCtrlActions.cpp:578] Environment variable> TDAQ_ERS_STREAM_LIBS=mtsStreams
2016-Sep-23 16:27:05,035 DEBUG_0 [void RunCtrlActions::Initialize(...) at RodCrate/src/controller/RunCtrlActions.cpp:578] Environment variable> TDAQ_ERS_WARNING=throttle(30,100),lstderr,mts
2016-Sep-23 16:27:05,035 DEBUG_0 [void RunCtrlActions::Initialize(...) at RodCrate/src/controller/RunCtrlActions.cpp:578] Environment variable> TDAQ_INST_PATH=/sw/atlas/tdaq/tdaq-06-01-01/installed
2016-Sep-23 16:27:05,035 DEBUG_0 [void RunCtrlActions::Initialize(...) at RodCrate/src/controller/RunCtrlActions.cpp:578] Environment variable> TDAQ_IPC_INIT_REF=file:/sw/tdaq/ipc/tdaq-06-01-01/corbalock
2016-Sep-23 16:27:05,035 DEBUG_0 [void RunCtrlActions::Initialize(...) at RodCrate/src/controller/RunCtrlActions.cpp:578] Environment variable> TDAQ_IPC_TIMEOUT=15000
2016-Sep-23 16:27:05,035 DEBUG_0 [void RunCtrlActions::Initialize(...) at RodCrate/src/controller/RunCtrlActions.cpp:578] Environment variable> TDAQ_IS_SERVER=DF
2016-Sep-23 16:27:05,035 DEBUG_0 [void RunCtrlActions::Initialize(...) at RodCrate/src/controller/RunCtrlActions.cpp:578] Environment variable> TDAQ_OH_SERVER=Histogramming
2016-Sep-23 16:27:05,035 DEBUG_0 [void RunCtrlActions::Initialize(...) at RodCrate/src/controller/RunCtrlActions.cpp:578] Environment variable> TDAQ_PARTITION=LArABBA
2016-Sep-23 16:27:05,035 DEBUG_0 [void RunCtrlActions::Initialize(...) at RodCrate/src/controller/RunCtrlActions.cpp:578] Environment variable> TDAQ_PROBE_INTERVAL=25
2016-Sep-23 16:27:05,035 DEBUG_0 [void RunCtrlActions::Initialize(...) at RodCrate/src/controller/RunCtrlActions.cpp:578] Environment variable> TDAQ_PUBLISHSTATISTICS_INTERVAL=63
2016-Sep-23 16:27:05,035 DEBUG_0 [void RunCtrlActions::Initialize(...) at RodCrate/src/controller/RunCtrlActions.cpp:578] Environment variable> TDAQ_SETUP_POINT1=1
2016-Sep-23 16:27:05,035 DEBUG_0 [void RunCtrlActions::Initialize(...) at RodCrate/src/controller/RunCtrlActions.cpp:578] Environment variable> TNS_ADMIN=/sw/oracle/admin
2016-Sep-23 16:27:05,035 DEBUG_0 [void RunCtrlActions::Initialize(...) at RodCrate/src/controller/RunCtrlActions.cpp:601] myReadDbInCtor=1
2016-Sep-23 16:27:05,060 DEBUG_0 [void RunCtrlActions::ReadDb(...) at RodCrate/src/controller/RunCtrlActions.cpp:1629] Root controller is RootController
2016-Sep-23 16:27:05,062 DEBUG_0 [void RunCtrlActions::FindLibraries(...) at RodCrate/src/controller/RunCtrlActions.cpp:1319] check library file "/det/lar/project/usersarea/alexis/611.31.00/Abba/x86_64-slc6-gcc49-opt/libAbba.so"
2016-Sep-23 16:27:05,062 DEBUG_0 [void RunCtrlActions::FindLibraries(...) at RodCrate/src/controller/RunCtrlActions.cpp:1319] check library file "/det/lar/project/usersarea/alexis/611.31.00/Abba/x86_64-slc6-gcc49-opt/libAbba.so"
2016-Sep-23 16:27:05,062 DEBUG_0 [void RunCtrlActions::FindLibraries(...) at RodCrate/src/controller/RunCtrlActions.cpp:1319] check library file "/det/lar/project/usersarea/alexis/611.31.00/Abba/x86_64-slc6-gcc49-opt/libAbba.so"
PID 6896 - Fri Sep 23 16:27:05 2016 - [INFO] OnlineDcl::Load (): shared library "/det/lar/project/usersarea/alexis/611.31.00/Abba/x86_64-slc6-gcc49-opt/libAbba.so" loaded.
PID 6896 - Fri Sep 23 16:27:05 2016 - [INFO] OnlineDcl::Load (): "/det/lar/project/usersarea/alexis/611.31.00/Abba/x86_64-slc6-gcc49-opt/libAbba.so" already loaded...
PID 6896 - Fri Sep 23 16:27:05 2016 - [INFO] OnlineDcl::Load (): "/det/lar/project/usersarea/alexis/611.31.00/Abba/x86_64-slc6-gcc49-opt/libAbba.so" already loaded...
2016-Sep-23 16:27:05,478 DEBUG_0 [RunCtrlActions::PluginInfo RunCtrlActions::CreatePluginInfo(...) at RodCrate/src/controller/RunCtrlActions.cpp:990] Found I/O data "AbbaRequestQ" AbbaRequestQ
2016-Sep-23 16:27:05,480 DEBUG_0 [void RunCtrlActions::FindLibraries(...) at RodCrate/src/controller/RunCtrlActions.cpp:1319] check library file "/det/lar/project/LargOnline/releases/LargOnline-611-31-00/RodCrate/v11r0p2/x86_64-slc6-gcc49-opt/libGuiPanelCtrl.so"
2016-Sep-23 16:27:05,480 DEBUG_0 [void RunCtrlActions::FindLibraries(...) at RodCrate/src/controller/RunCtrlActions.cpp:1319] check library file "/det/lar/project/LargOnline/releases/LargOnline-611-31-00/RodCrate/v11r0p2/x86_64-slc6-gcc49-opt/libGuiPanelCtrl.so"
2016-Sep-23 16:27:05,480 DEBUG_0 [void RunCtrlActions::FindLibraries(...) at RodCrate/src/controller/RunCtrlActions.cpp:1319] check library file "/det/lar/project/LargOnline/releases/LargOnline-611-31-00/RodCrate/v11r0p2/x86_64-slc6-gcc49-opt/libMsgInterceptor.so"
2016-Sep-23 16:27:05,481 DEBUG_0 [void RunCtrlActions::FindLibraries(...) at RodCrate/src/controller/RunCtrlActions.cpp:1319] check library file "/det/lar/project/LargOnline/releases/LargOnline-611-31-00/RodCrate/v11r0p2/x86_64-slc6-gcc49-opt/libBusErrorMonitor.so"
PID 6896 - Fri Sep 23 16:27:05 2016 - [INFO] OnlineDcl::Load (): shared library "/det/lar/project/LargOnline/releases/LargOnline-611-31-00/RodCrate/v11r0p2/x86_64-slc6-gcc49-opt/libGuiPanelCtrl.so" loaded.
PID 6896 - Fri Sep 23 16:27:05 2016 - [INFO] OnlineDcl::Load (): "/det/lar/project/LargOnline/releases/LargOnline-611-31-00/RodCrate/v11r0p2/x86_64-slc6-gcc49-opt/libGuiPanelCtrl.so" already loaded...
PID 6896 - Fri Sep 23 16:27:05 2016 - [INFO] OnlineDcl::Load (): shared library "/det/lar/project/LargOnline/releases/LargOnline-611-31-00/RodCrate/v11r0p2/x86_64-slc6-gcc49-opt/libMsgInterceptor.so" loaded.
2016-Sep-23 16:27:05,494 DEBUG_0 [RunCtrlActions::AspectInfo RunCtrlActions::CreateAspectInfo(...) at RodCrate/src/controller/RunCtrlActions.cpp:957] Found aspect "MessageInterceptor" Message interceptor
PID 6896 - Fri Sep 23 16:27:05 2016 - [INFO] OnlineDcl::Load (): shared library "/det/lar/project/LargOnline/releases/LargOnline-611-31-00/RodCrate/v11r0p2/x86_64-slc6-gcc49-opt/libBusErrorMonitor.so" loaded.
2016-Sep-23 16:27:05,497 DEBUG_0 [RunCtrlActions::AspectInfo RunCtrlActions::CreateAspectInfo(...) at RodCrate/src/controller/RunCtrlActions.cpp:957] Found aspect "BusErrorMonitor" VMEbus error monitor
2016-Sep-23 16:27:05,498 DEBUG_0 [void RunCtrlActions::FindLibraries(...) at RodCrate/src/controller/RunCtrlActions.cpp:1319] check library file "/det/lar/project/LargOnline/releases/LargOnline-611-31-00/RodCrate/v11r0p2/x86_64-slc6-gcc49-opt/libLarg-hw-dal.so"
2016-Sep-23 16:27:05,498 DEBUG_0 [void RunCtrlActions::FindLibraries(...) at RodCrate/src/controller/RunCtrlActions.cpp:1319] check library file "/det/lar/project/usersarea/alexis/611.31.00/Spac/v19r19p1/x86_64-slc6-gcc49-opt/libSpac.so"
2016-Sep-23 16:27:05,499 DEBUG_0 [void RunCtrlActions::FindLibraries(...) at RodCrate/src/controller/RunCtrlActions.cpp:1319] check library file "/det/lar/project/LargOnline/releases/LargOnline-611-31-00/Rod/v10r21p1/x86_64-slc6-gcc49-opt/libRod.so"
2016-Sep-23 16:27:05,500 DEBUG_0 [void RunCtrlActions::FindLibraries(...) at RodCrate/src/controller/RunCtrlActions.cpp:1319] check library file "/det/lar/project/LargOnline/releases/LargOnline-611-31-00/RodCrate/v11r0p2/x86_64-slc6-gcc49-opt/libLARGConfig.so"
PID 6896 - Fri Sep 23 16:27:05 2016 - [INFO] OnlineDcl::Load (): shared library "/det/lar/project/LargOnline/releases/LargOnline-611-31-00/RodCrate/v11r0p2/x86_64-slc6-gcc49-opt/libLarg-hw-dal.so" loaded.
PID 6896 - Fri Sep 23 16:27:05 2016 - [INFO] OnlineDcl::Load (): shared library "/det/lar/project/usersarea/alexis/611.31.00/Spac/v19r19p1/x86_64-slc6-gcc49-opt/libSpac.so" loaded.
PID 6896 - Fri Sep 23 16:27:05 2016 - [INFO] OnlineDcl::Load (): shared library "/det/lar/project/LargOnline/releases/LargOnline-611-31-00/Rod/v10r21p1/x86_64-slc6-gcc49-opt/libRod.so" loaded.
PID 6896 - Fri Sep 23 16:27:05 2016 - [INFO] OnlineDcl::Load (): shared library "/det/lar/project/LargOnline/releases/LargOnline-611-31-00/RodCrate/v11r0p2/x86_64-slc6-gcc49-opt/libLARGConfig.so" loaded.
2016-Sep-23 16:27:05,541 DEBUG_0 [void RunCtrlActions::LoadPlugins(...) at RodCrate/src/controller/RunCtrlActions.cpp:1401] Found Config "LARGConfig" LARGConfig
2016-Sep-23 16:27:05,541 DEBUG_0 [void RunCtrlActions::FindLibraries(...) at RodCrate/src/controller/RunCtrlActions.cpp:1319] check library file "/det/lar/project/usersarea/alexis/611.31.00/Abba/x86_64-slc6-gcc49-opt/libAbba.so"
PID 6896 - Fri Sep 23 16:27:05 2016 - [INFO] OnlineDcl::Load (): "/det/lar/project/usersarea/alexis/611.31.00/Abba/x86_64-slc6-gcc49-opt/libAbba.so" already loaded...
virtual void RunCrateCtrlActions::Build(const daq::core::Segment&): Crate name is ABBA_Crate, logical ID is 0
void RunCtrlActions::CreateAspect(const RunCtrlActions::AspectInfo&): Aspect MessageInterceptor Message interceptor @ 0x10460c8
void RunCtrlActions::CreateAspect(const RunCtrlActions::AspectInfo&): Aspect BusErrorMonitor VMEbus error monitor @ 0x105a018
void RunCtrlActions::CreateIoData(const RunCtrlActions::PluginInfo&): Shared I/O data AbbaRequestQ AbbaRequestQ @ 0x10509a0
2016-Sep-23 16:27:05,545 DEBUG_0 [ExtIoCtrlObject* RunCtrlActions::CreateExtIoCtrlFactory(...) at RodCrate/src/controller/RunCtrlActions.cpp:862] 	Create I/O control AbbaFragmentCollector
ExtIoCtrlObject* RunCtrlActions::CreateExtIoCtrlFactory(const RunCtrlActions::IoCtrlInfo&): 		[0x104b450] ExtIoCtrlObject_GLOBAL@ExtIoCtrlFactory<FragmentCollector> was created
2016-Sep-23 16:27:05,545 DEBUG_0 [bool RunCtrlActions::Attach(...) at RodCrate/src/controller/RunCtrlActions.cpp:526] [ExtIoCtrlObject_GLOBAL@ExtIoCtrlFactory<FragmentCollector>] attach 0x104b450 to type GLOBAL
2016-Sep-23 16:27:05,545 DEBUG_0 [ExtIoCtrlObject* RunCtrlActions::CreateExtIoCtrlFactory(...) at RodCrate/src/controller/RunCtrlActions.cpp:862] 	Create I/O control GuiPanelGlobalCtrl
ExtIoCtrlObject* RunCtrlActions::CreateExtIoCtrlFactory(const RunCtrlActions::IoCtrlInfo&): 		[0x10623f0] ExtIoCtrlObject_GLOBAL@ExtIoCtrlFactory<GuiPanelGlobalCtrl> was created
2016-Sep-23 16:27:05,546 DEBUG_0 [bool RunCtrlActions::Attach(...) at RodCrate/src/controller/RunCtrlActions.cpp:526] [ExtIoCtrlObject_GLOBAL@ExtIoCtrlFactory<GuiPanelGlobalCtrl>] attach 0x10623f0 to type GLOBAL
2016-Sep-23 16:27:05,546 DEBUG_0 [ExtIoCtrlObject* RunCtrlActions::CreateExtIoCtrlFactory(...) at RodCrate/src/controller/RunCtrlActions.cpp:862] 	Create I/O control GuiPanelModuleCtrl
ExtIoCtrlObject* RunCtrlActions::CreateExtIoCtrlFactory(const RunCtrlActions::IoCtrlInfo&): 		[0x105be60] ExtIoCtrlObject_CALIBRATION@ExtIoCtrlFactory<GuiPanelModuleCtrl> was created
2016-Sep-23 16:27:05,546 DEBUG_0 [bool RunCtrlActions::Attach(...) at RodCrate/src/controller/RunCtrlActions.cpp:526] [ExtIoCtrlObject_CALIBRATION@ExtIoCtrlFactory<GuiPanelModuleCtrl>] attach 0x105be60 to type CALIBRATION
2016-Sep-23 16:27:05,546 DEBUG_0 [ExtIoCtrlObject* RunCtrlActions::CreateExtIoCtrlFactory(...) at RodCrate/src/controller/RunCtrlActions.cpp:862] 	Create I/O control GuiPanelModuleCtrl
ExtIoCtrlObject* RunCtrlActions::CreateExtIoCtrlFactory(const RunCtrlActions::IoCtrlInfo&): 		[0x105f420] ExtIoCtrlObject_CONTROLLER@ExtIoCtrlFactory<GuiPanelModuleCtrl> was created
2016-Sep-23 16:27:05,546 DEBUG_0 [bool RunCtrlActions::Attach(...) at RodCrate/src/controller/RunCtrlActions.cpp:526] [ExtIoCtrlObject_CONTROLLER@ExtIoCtrlFactory<GuiPanelModuleCtrl>] attach 0x105f420 to type CONTROLLER
2016-Sep-23 16:27:05,546 DEBUG_0 [ExtIoCtrlObject* RunCtrlActions::CreateExtIoCtrlFactory(...) at RodCrate/src/controller/RunCtrlActions.cpp:862] 	Create I/O control GuiPanelModuleCtrl
ExtIoCtrlObject* RunCtrlActions::CreateExtIoCtrlFactory(const RunCtrlActions::IoCtrlInfo&): 		[0x1064bd0] ExtIoCtrlObject_FEB@ExtIoCtrlFactory<GuiPanelModuleCtrl> was created
2016-Sep-23 16:27:05,546 DEBUG_0 [bool RunCtrlActions::Attach(...) at RodCrate/src/controller/RunCtrlActions.cpp:526] [ExtIoCtrlObject_FEB@ExtIoCtrlFactory<GuiPanelModuleCtrl>] attach 0x1064bd0 to type FEB
2016-Sep-23 16:27:05,546 DEBUG_0 [ExtIoCtrlObject* RunCtrlActions::CreateExtIoCtrlFactory(...) at RodCrate/src/controller/RunCtrlActions.cpp:862] 	Create I/O control GuiPanelModuleCtrl
ExtIoCtrlObject* RunCtrlActions::CreateExtIoCtrlFactory(const RunCtrlActions::IoCtrlInfo&): 		[0x1068960] ExtIoCtrlObject_TIMING@ExtIoCtrlFactory<GuiPanelModuleCtrl> was created
2016-Sep-23 16:27:05,546 DEBUG_0 [bool RunCtrlActions::Attach(...) at RodCrate/src/controller/RunCtrlActions.cpp:526] [ExtIoCtrlObject_TIMING@ExtIoCtrlFactory<GuiPanelModuleCtrl>] attach 0x1068960 to type TIMING
2016-Sep-23 16:27:05,546 DEBUG_0 [ExtIoCtrlObject* RunCtrlActions::CreateExtIoCtrlFactory(...) at RodCrate/src/controller/RunCtrlActions.cpp:862] 	Create I/O control GuiPanelModuleCtrl
ExtIoCtrlObject* RunCtrlActions::CreateExtIoCtrlFactory(const RunCtrlActions::IoCtrlInfo&): 		[0x106c6f0] ExtIoCtrlObject_TBM@ExtIoCtrlFactory<GuiPanelModuleCtrl> was created
2016-Sep-23 16:27:05,546 DEBUG_0 [bool RunCtrlActions::Attach(...) at RodCrate/src/controller/RunCtrlActions.cpp:526] [ExtIoCtrlObject_TBM@ExtIoCtrlFactory<GuiPanelModuleCtrl>] attach 0x106c6f0 to type TBM
2016-Sep-23 16:27:05,546 DEBUG_0 [ExtIoCtrlObject* RunCtrlActions::CreateExtIoCtrlFactory(...) at RodCrate/src/controller/RunCtrlActions.cpp:862] 	Create I/O control GuiPanelModuleCtrl
ExtIoCtrlObject* RunCtrlActions::CreateExtIoCtrlFactory(const RunCtrlActions::IoCtrlInfo&): 		[0x10704f0] ExtIoCtrlObject_INJECTOR@ExtIoCtrlFactory<GuiPanelModuleCtrl> was created
2016-Sep-23 16:27:05,546 DEBUG_0 [bool RunCtrlActions::Attach(...) at RodCrate/src/controller/RunCtrlActions.cpp:526] [ExtIoCtrlObject_INJECTOR@ExtIoCtrlFactory<GuiPanelModuleCtrl>] attach 0x10704f0 to type INJECTOR
2016-Sep-23 16:27:05,546 DEBUG_0 [ExtIoCtrlObject* RunCtrlActions::CreateExtIoCtrlFactory(...) at RodCrate/src/controller/RunCtrlActions.cpp:862] 	Create I/O control GuiPanelModuleCtrl
ExtIoCtrlObject* RunCtrlActions::CreateExtIoCtrlFactory(const RunCtrlActions::IoCtrlInfo&): 		[0x1074210] ExtIoCtrlObject_ROD@ExtIoCtrlFactory<GuiPanelModuleCtrl> was created
2016-Sep-23 16:27:05,546 DEBUG_0 [bool RunCtrlActions::Attach(...) at RodCrate/src/controller/RunCtrlActions.cpp:526] [ExtIoCtrlObject_ROD@ExtIoCtrlFactory<GuiPanelModuleCtrl>] attach 0x1074210 to type ROD
2016-Sep-23 16:27:05,546 DEBUG_0 [ExtIoCtrlObject* RunCtrlActions::CreateExtIoCtrlFactory(...) at RodCrate/src/controller/RunCtrlActions.cpp:862] 	Create I/O control GuiPanelModuleCtrl
ExtIoCtrlObject* RunCtrlActions::CreateExtIoCtrlFactory(const RunCtrlActions::IoCtrlInfo&): 		[0x10780b0] ExtIoCtrlObject_SPAC@ExtIoCtrlFactory<GuiPanelModuleCtrl> was created
2016-Sep-23 16:27:05,546 DEBUG_0 [bool RunCtrlActions::Attach(...) at RodCrate/src/controller/RunCtrlActions.cpp:526] [ExtIoCtrlObject_SPAC@ExtIoCtrlFactory<GuiPanelModuleCtrl>] attach 0x10780b0 to type SPAC
2016-Sep-23 16:27:05,546 DEBUG_0 [ExtIoCtrlObject* RunCtrlActions::CreateExtIoCtrlFactory(...) at RodCrate/src/controller/RunCtrlActions.cpp:862] 	Create I/O control GuiPanelModuleCtrl
ExtIoCtrlObject* RunCtrlActions::CreateExtIoCtrlFactory(const RunCtrlActions::IoCtrlInfo&): 		[0x107be60] ExtIoCtrlObject_TOWER_BUILDER@ExtIoCtrlFactory<GuiPanelModuleCtrl> was created
2016-Sep-23 16:27:05,547 DEBUG_0 [bool RunCtrlActions::Attach(...) at RodCrate/src/controller/RunCtrlActions.cpp:526] [ExtIoCtrlObject_TOWER_BUILDER@ExtIoCtrlFactory<GuiPanelModuleCtrl>] attach 0x107be60 to type TOWER_BUILDER
2016-Sep-23 16:27:05,547 DEBUG_0 [ExtIoCtrlObject* RunCtrlActions::CreateExtIoCtrlFactory(...) at RodCrate/src/controller/RunCtrlActions.cpp:862] 	Create I/O control GuiPanelModuleCtrl
ExtIoCtrlObject* RunCtrlActions::CreateExtIoCtrlFactory(const RunCtrlActions::IoCtrlInfo&): 		[0x107fc20] ExtIoCtrlObject_VIRTUAL_FEB@ExtIoCtrlFactory<GuiPanelModuleCtrl> was created
2016-Sep-23 16:27:05,547 DEBUG_0 [bool RunCtrlActions::Attach(...) at RodCrate/src/controller/RunCtrlActions.cpp:526] [ExtIoCtrlObject_VIRTUAL_FEB@ExtIoCtrlFactory<GuiPanelModuleCtrl>] attach 0x107fc20 to type VIRTUAL_FEB
2016-Sep-23 16:27:05,547 DEBUG_0 [ExtIoCtrlObject* RunCtrlActions::CreateExtIoCtrlFactory(...) at RodCrate/src/controller/RunCtrlActions.cpp:862] 	Create I/O control GuiPanelModuleCtrl
ExtIoCtrlObject* RunCtrlActions::CreateExtIoCtrlFactory(const RunCtrlActions::IoCtrlInfo&): 		[0x10839b0] ExtIoCtrlObject_TTC@ExtIoCtrlFactory<GuiPanelModuleCtrl> was created
2016-Sep-23 16:27:05,547 DEBUG_0 [bool RunCtrlActions::Attach(...) at RodCrate/src/controller/RunCtrlActions.cpp:526] [ExtIoCtrlObject_TTC@ExtIoCtrlFactory<GuiPanelModuleCtrl>] attach 0x10839b0 to type TTC
2016-Sep-23 16:27:05,547 DEBUG_0 [ExtIoCtrlObject* RunCtrlActions::CreateExtIoCtrlFactory(...) at RodCrate/src/controller/RunCtrlActions.cpp:862] 	Create I/O control GuiPanelModuleCtrl
ExtIoCtrlObject* RunCtrlActions::CreateExtIoCtrlFactory(const RunCtrlActions::IoCtrlInfo&): 		[0x1087740] ExtIoCtrlObject_LTP@ExtIoCtrlFactory<GuiPanelModuleCtrl> was created
2016-Sep-23 16:27:05,547 DEBUG_0 [bool RunCtrlActions::Attach(...) at RodCrate/src/controller/RunCtrlActions.cpp:526] [ExtIoCtrlObject_LTP@ExtIoCtrlFactory<GuiPanelModuleCtrl>] attach 0x1087740 to type LTP
2016-Sep-23 16:27:05,547 DEBUG_0 [ExtIoCtrlObject* RunCtrlActions::CreateExtIoCtrlFactory(...) at RodCrate/src/controller/RunCtrlActions.cpp:862] 	Create I/O control GuiPanelModuleCtrl
ExtIoCtrlObject* RunCtrlActions::CreateExtIoCtrlFactory(const RunCtrlActions::IoCtrlInfo&): 		[0x108b4d0] ExtIoCtrlObject_BUSYMODULE@ExtIoCtrlFactory<GuiPanelModuleCtrl> was created
2016-Sep-23 16:27:05,547 DEBUG_0 [bool RunCtrlActions::Attach(...) at RodCrate/src/controller/RunCtrlActions.cpp:526] [ExtIoCtrlObject_BUSYMODULE@ExtIoCtrlFactory<GuiPanelModuleCtrl>] attach 0x108b4d0 to type BUSYMODULE
2016-Sep-23 16:27:05,547 DEBUG_0 [ExtIoCtrlObject* RunCtrlActions::CreateExtIoCtrlFactory(...) at RodCrate/src/controller/RunCtrlActions.cpp:862] 	Create I/O control GuiPanelModuleCtrl
ExtIoCtrlObject* RunCtrlActions::CreateExtIoCtrlFactory(const RunCtrlActions::IoCtrlInfo&): 		[0x108f260] ExtIoCtrlObject_LTPI@ExtIoCtrlFactory<GuiPanelModuleCtrl> was created
2016-Sep-23 16:27:05,547 DEBUG_0 [bool RunCtrlActions::Attach(...) at RodCrate/src/controller/RunCtrlActions.cpp:526] [ExtIoCtrlObject_LTPI@ExtIoCtrlFactory<GuiPanelModuleCtrl>] attach 0x108f260 to type LTPI
2016-Sep-23 16:27:05,547 DEBUG_0 [ExtIoCtrlObject* RunCtrlActions::CreateExtIoCtrlFactory(...) at RodCrate/src/controller/RunCtrlActions.cpp:862] 	Create I/O control GuiPanelModuleCtrl
ExtIoCtrlObject* RunCtrlActions::CreateExtIoCtrlFactory(const RunCtrlActions::IoCtrlInfo&): 		[0x1093080] ExtIoCtrlObject_ABBA@ExtIoCtrlFactory<GuiPanelModuleCtrl> was created
2016-Sep-23 16:27:05,547 DEBUG_0 [bool RunCtrlActions::Attach(...) at RodCrate/src/controller/RunCtrlActions.cpp:526] [ExtIoCtrlObject_ABBA@ExtIoCtrlFactory<GuiPanelModuleCtrl>] attach 0x1093080 to type ABBA
2016-Sep-23 16:27:05,547 DEBUG_0 [ExtIoCtrlObject* RunCtrlActions::CreateExtIoCtrlFactory(...) at RodCrate/src/controller/RunCtrlActions.cpp:862] 	Create I/O control GuiPanelModuleCtrl
ExtIoCtrlObject* RunCtrlActions::CreateExtIoCtrlFactory(const RunCtrlActions::IoCtrlInfo&): 		[0x1096e10] ExtIoCtrlObject_ADC@ExtIoCtrlFactory<GuiPanelModuleCtrl> was created
2016-Sep-23 16:27:05,547 DEBUG_0 [bool RunCtrlActions::Attach(...) at RodCrate/src/controller/RunCtrlActions.cpp:526] [ExtIoCtrlObject_ADC@ExtIoCtrlFactory<GuiPanelModuleCtrl>] attach 0x1096e10 to type ADC
2016-Sep-23 16:27:05,547 DEBUG_0 [ExtIoCtrlObject* RunCtrlActions::CreateExtIoCtrlFactory(...) at RodCrate/src/controller/RunCtrlActions.cpp:862] 	Create I/O control AbbaIoCtrl
ExtIoCtrlObject* RunCtrlActions::CreateExtIoCtrlFactory(const RunCtrlActions::IoCtrlInfo&): 		[0x109afd0] ExtIoCtrlObject_ABBA@ExtIoCtrlFactory<AbbaIoCtrl> was created
2016-Sep-23 16:27:05,547 DEBUG_0 [bool RunCtrlActions::Attach(...) at RodCrate/src/controller/RunCtrlActions.cpp:526] [ExtIoCtrlObject_ABBA@ExtIoCtrlFactory<AbbaIoCtrl>] attach 0x109afd0 to type ABBA
void RunCtrlActions::CreateGlobalThread(): Global configuration filename is "/det/lar/project/config/GlobalParams.dat"
2016-Sep-23 16:27:05,550 DEBUG_0 [bool RunCtrlActions::SetRunParams(...) at RodCrate/src/controller/RunCtrlActions.cpp:1716] RUN PARAMETERS:

	runNumber  = 309216
	maxEvents  = 0
	recEnable  = 1
	trigType   = 100
	runType    = physics
	detMask    = 00000000000000000000000000000000
	beamType   = 1
	beamEnergy = 0
	fileTag    = 
CreateExtIoCtrl: Create object for type GLOBAL (GLOBAL) with creator @ 0x104b450
2016-Sep-23 16:27:05,550 DEBUG_0 [ExtIoCtrl* ExtIoCtrlFactory<T>::Create(...) at /det/lar/project/LargOnline/releases/LargOnline-611-31-00/RodCrate/v11r0p2/src/controller/ExtIoCtrl.h:226] Rcc: 0xec2ca0 object: 0x10a2210 Type: "GLOBAL" IoData: "AbbaRequestQ" Daemon: 1 OrderedActions: ""
2016-Sep-23 16:27:05,550 DEBUG_0 [FragmentCollector::FragmentCollector(...) at Abba/src/FragmentCollector.cpp:160] Destination base port is 20000
2016-Sep-23 16:27:05,550 DEBUG_0 [FragmentCollector::FragmentCollector(...) at Abba/src/FragmentCollector.cpp:161] Maximum port number is 1
CreateExtIoCtrl: Create object for type GLOBAL (GLOBAL) with creator @ 0x10623f0
2016-Sep-23 16:27:05,551 DEBUG_0 [ExtIoCtrl* ExtIoCtrlFactory<T>::Create(...) at /det/lar/project/LargOnline/releases/LargOnline-611-31-00/RodCrate/v11r0p2/src/controller/ExtIoCtrl.h:226] Rcc: 0xec2ca0 object: 0x10a2210 Type: "GLOBAL" IoData: "" Daemon: 1 OrderedActions: ""
		FragmentCollector<partition:LArABBA> is a daemon.
		GuiPanelGlobalCtrl<partition:LArABBA> is a daemon.
virtual bool LARGConfig::BuildRODC(const Larg::dal::LARG_RODC*): Found ROD crate ABBA_Crate
	Has 4 module(s)
virtual bool LARGConfig::CreateModule(long unsigned int, const Larg::dal::LARG_Module*): ABBA_18:2@Abba state is 1
virtual bool LARGConfig::CreateModule(long unsigned int, const Larg::dal::LARG_Module*): call creator () of class Abba
IpBus::IpBus(const string&)----------- IpBus constructor ------------
Abba::Abba(uint32_t, const string&)----------- Abba constructor ------------
CreateExtIoCtrl: Create object for type ABBA (ABBA) with creator @ 0x1093080
2016-Sep-23 16:27:05,554 DEBUG_0 [ExtIoCtrl* ExtIoCtrlFactory<T>::Create(...) at /det/lar/project/LargOnline/releases/LargOnline-611-31-00/RodCrate/v11r0p2/src/controller/ExtIoCtrl.h:226] Rcc: 0xec2ca0 object: 0x10b16b0 Type: "ABBA" IoData: "" Daemon: 1 OrderedActions: ""
CreateExtIoCtrl: Create object for type ABBA (ABBA) with creator @ 0x109afd0
2016-Sep-23 16:27:05,554 DEBUG_0 [ExtIoCtrl* ExtIoCtrlFactory<T>::Create(...) at /det/lar/project/LargOnline/releases/LargOnline-611-31-00/RodCrate/v11r0p2/src/controller/ExtIoCtrl.h:226] Rcc: 0xec2ca0 object: 0x10b16b0 Type: "ABBA" IoData: "AbbaRequestQ" Daemon: 1 OrderedActions: ""
		GuiPanelModuleCtrl<ABBA_18:2> is a daemon.
		AbbaIoCtrl<ABBA_18:2> is a daemon.
2016-Sep-23 16:27:05,554 DEBUG_0 [bool RunCtrlActions::AddControllable(...) at RodCrate/src/controller/RunCtrlActions.cpp:245] Add controllable object ABBA_18:2@Abba
virtual bool LARGConfig::CreateModule(long unsigned int, const Larg::dal::LARG_Module*): ABBA_19:1@Abba state is 1
virtual bool LARGConfig::CreateModule(long unsigned int, const Larg::dal::LARG_Module*): call creator () of class Abba
IpBus::IpBus(const string&)----------- IpBus constructor ------------
Abba::Abba(uint32_t, const string&)----------- Abba constructor ------------
CreateExtIoCtrl: Create object for type ABBA (ABBA) with creator @ 0x1093080
2016-Sep-23 16:27:05,556 DEBUG_0 [ExtIoCtrl* ExtIoCtrlFactory<T>::Create(...) at /det/lar/project/LargOnline/releases/LargOnline-611-31-00/RodCrate/v11r0p2/src/controller/ExtIoCtrl.h:226] Rcc: 0xec2ca0 object: 0x10cb370 Type: "ABBA" IoData: "" Daemon: 1 OrderedActions: ""
CreateExtIoCtrl: Create object for type ABBA (ABBA) with creator @ 0x109afd0
2016-Sep-23 16:27:05,556 DEBUG_0 [ExtIoCtrl* ExtIoCtrlFactory<T>::Create(...) at /det/lar/project/LargOnline/releases/LargOnline-611-31-00/RodCrate/v11r0p2/src/controller/ExtIoCtrl.h:226] Rcc: 0xec2ca0 object: 0x10cb370 Type: "ABBA" IoData: "AbbaRequestQ" Daemon: 1 OrderedActions: ""
		GuiPanelModuleCtrl<ABBA_19:1> is a daemon.
		AbbaIoCtrl<ABBA_19:1> is a daemon.
2016-Sep-23 16:27:05,556 DEBUG_0 [bool RunCtrlActions::AddControllable(...) at RodCrate/src/controller/RunCtrlActions.cpp:245] Add controllable object ABBA_19:1@Abba
virtual bool LARGConfig::CreateModule(long unsigned int, const Larg::dal::LARG_Module*): ABBA_19:2@Abba state is 1
virtual bool LARGConfig::CreateModule(long unsigned int, const Larg::dal::LARG_Module*): call creator () of class Abba
IpBus::IpBus(const string&)----------- IpBus constructor ------------
Abba::Abba(uint32_t, const string&)----------- Abba constructor ------------
CreateExtIoCtrl: Create object for type ABBA (ABBA) with creator @ 0x1093080
2016-Sep-23 16:27:05,558 DEBUG_0 [ExtIoCtrl* ExtIoCtrlFactory<T>::Create(...) at /det/lar/project/LargOnline/releases/LargOnline-611-31-00/RodCrate/v11r0p2/src/controller/ExtIoCtrl.h:226] Rcc: 0xec2ca0 object: 0x10dd370 Type: "ABBA" IoData: "" Daemon: 1 OrderedActions: ""
CreateExtIoCtrl: Create object for type ABBA (ABBA) with creator @ 0x109afd0
2016-Sep-23 16:27:05,558 DEBUG_0 [ExtIoCtrl* ExtIoCtrlFactory<T>::Create(...) at /det/lar/project/LargOnline/releases/LargOnline-611-31-00/RodCrate/v11r0p2/src/controller/ExtIoCtrl.h:226] Rcc: 0xec2ca0 object: 0x10dd370 Type: "ABBA" IoData: "AbbaRequestQ" Daemon: 1 OrderedActions: ""
		GuiPanelModuleCtrl<ABBA_19:2> is a daemon.
		AbbaIoCtrl<ABBA_19:2> is a daemon.
2016-Sep-23 16:27:05,559 DEBUG_0 [bool RunCtrlActions::AddControllable(...) at RodCrate/src/controller/RunCtrlActions.cpp:245] Add controllable object ABBA_19:2@Abba
virtual bool LARGConfig::CreateModule(long unsigned int, const Larg::dal::LARG_Module*): ABBA_20:2@Abba state is 1
virtual bool LARGConfig::CreateModule(long unsigned int, const Larg::dal::LARG_Module*): call creator () of class Abba
IpBus::IpBus(const string&)----------- IpBus constructor ------------
Abba::Abba(uint32_t, const string&)----------- Abba constructor ------------
CreateExtIoCtrl: Create object for type ABBA (ABBA) with creator @ 0x1093080
2016-Sep-23 16:27:05,561 DEBUG_0 [ExtIoCtrl* ExtIoCtrlFactory<T>::Create(...) at /det/lar/project/LargOnline/releases/LargOnline-611-31-00/RodCrate/v11r0p2/src/controller/ExtIoCtrl.h:226] Rcc: 0xec2ca0 object: 0x10ef1b0 Type: "ABBA" IoData: "" Daemon: 1 OrderedActions: ""
CreateExtIoCtrl: Create object for type ABBA (ABBA) with creator @ 0x109afd0
2016-Sep-23 16:27:05,561 DEBUG_0 [ExtIoCtrl* ExtIoCtrlFactory<T>::Create(...) at /det/lar/project/LargOnline/releases/LargOnline-611-31-00/RodCrate/v11r0p2/src/controller/ExtIoCtrl.h:226] Rcc: 0xec2ca0 object: 0x10ef1b0 Type: "ABBA" IoData: "AbbaRequestQ" Daemon: 1 OrderedActions: ""
		GuiPanelModuleCtrl<ABBA_20:2> is a daemon.
		AbbaIoCtrl<ABBA_20:2> is a daemon.
2016-Sep-23 16:27:05,561 DEBUG_0 [bool RunCtrlActions::AddControllable(...) at RodCrate/src/controller/RunCtrlActions.cpp:245] Add controllable object ABBA_20:2@Abba
		Controls 0 HFEC crate(s)
2016-Sep-23 16:27:05,562 DEBUG_0 [Larg::Process::Process(...) at RodCrate/src/monitoring/Process.cpp:68] IS name is RunParams.ABBA_Crate.Software.Process.ABBA_Controller
2016-Sep-23 16:27:05,563 DEBUG_0 [virtual void RccRunnable::Setup(...) at RodCrate/src/monitoring/RccRunnable.cpp:228] IS name is RunParams.ABBA_Crate.Software.Thread.main<ABBA_Controller>
2016-Sep-23 16:27:05,564 DEBUG_0 [virtual void RccRunnable::Setup(...) at RodCrate/src/monitoring/RccRunnable.cpp:228] IS name is RunParams.ABBA_Crate.Software.Thread.FragmentCollector<partition:LArABBA>
PluginFactory: loading TCPDataOut
TCPDataOut:: sending data to pc-lar-ptm-db-03, destination port 20000 every 1 calls to sendData
2016-Sep-23 16:27:05,568 DEBUG_0 [bool RunCtrlActions::AddControllable(...) at RodCrate/src/controller/RunCtrlActions.cpp:229] Add controllable object LArABBA@Larg::OnlineObject
Thread::EntryPoint (void *): Call user's main function of FragmentCollector<partition:LArABBA>
[140278516102912] New thread "FragmentCollector<partition:LArABBA>" was started
2016-Sep-23 16:27:05,569 DEBUG_0 [virtual void RccRunnable::Setup(...) at RodCrate/src/monitoring/RccRunnable.cpp:228] IS name is RunParams.ABBA_Crate.Software.Thread.GuiPanelGlobalCtrl<partition:LArABBA>
virtual void GuiPanelGlobalCtrl::Prologue(): IS PARAMS name = RunParams.LArABBA.GLOBAL.PARAMS
virtual void GuiPanelGlobalCtrl::Prologue(): IS CONFIG FILE name = RunParams.LArABBA.GLOBAL.CONFIG_FILE
Thread::EntryPoint (void *): Call user's main function of GuiPanelGlobalCtrl<partition:LArABBA>
[140278514001664] New thread "GuiPanelGlobalCtrl<partition:LArABBA>" was started
2016-Sep-23 16:27:05,573 DEBUG_0 [virtual void RccRunnable::Setup(...) at RodCrate/src/monitoring/RccRunnable.cpp:228] IS name is RunParams.ABBA_Crate.Software.Thread.GuiPanelModuleCtrl<ABBA_18:2>
virtual void GuiPanelModuleCtrl::Prologue(): IS STATUS name = RunParams.ABBA_Crate.ABBA_18:2.STATUS
virtual void GuiPanelModuleCtrl::Prologue(): IS PARAMS name = RunParams.ABBA_Crate.ABBA_18:2.PARAMS
virtual void GuiPanelModuleCtrl::Prologue(): IS CONFIG FILE name = RunParams.ABBA_Crate.ABBA_18:2.CONFIG_FILE
virtual void GuiPanelModuleCtrl::Prologue(): IS REFRESH_GUTS name = RunParams.ABBA_Crate.ABBA_18:2.REFRESH_GUTS
virtual void GuiPanelModuleCtrl::Prologue(): IS GUTS name = RunParams.ABBA_Crate.ABBA_18:2.GUTS
virtual void GuiPanelModuleCtrl::Prologue(): IS PUBLISH_STATUS_FROM_STATE name = RunParams.ABBA_Crate.ABBA_18:2.PUBLISH_STATUS_FROM_STATE
Thread::EntryPoint (void *): Call user's main function of GuiPanelModuleCtrl<ABBA_18:2>
[140278507697920] New thread "GuiPanelModuleCtrl<ABBA_18:2>" was started
2016-Sep-23 16:27:05,576 DEBUG_0 [virtual void RccRunnable::Setup(...) at RodCrate/src/monitoring/RccRunnable.cpp:228] IS name is RunParams.ABBA_Crate.Software.Thread.AbbaIoCtrl<ABBA_18:2>
2016-Sep-23 16:27:05,576 DEBUG_0 [bool RunCtrlActions::AddControllable(...) at RodCrate/src/controller/RunCtrlActions.cpp:245] Add controllable object DAQ_Object<ABBA_18:2>@DaqObject
Thread::EntryPoint (void *): Call user's main function of AbbaIoCtrl<ABBA_18:2>
[140278505596672] New thread "AbbaIoCtrl<ABBA_18:2>" was started
DEBUG : COUCOU Alexis
2016-Sep-23 16:27:05,577 DEBUG_0 [virtual void RccRunnable::Setup(...) at RodCrate/src/monitoring/RccRunnable.cpp:228] IS name is RunParams.ABBA_Crate.Software.Thread.GuiPanelModuleCtrl<ABBA_19:1>
virtual void GuiPanelModuleCtrl::Prologue(): IS STATUS name = RunParams.ABBA_Crate.ABBA_19:1.STATUS
virtual void GuiPanelModuleCtrl::Prologue(): IS PARAMS name = RunParams.ABBA_Crate.ABBA_19:1.PARAMS
virtual void GuiPanelModuleCtrl::Prologue(): IS CONFIG FILE name = RunParams.ABBA_Crate.ABBA_19:1.CONFIG_FILE
virtual void GuiPanelModuleCtrl::Prologue(): IS REFRESH_GUTS name = RunParams.ABBA_Crate.ABBA_19:1.REFRESH_GUTS
virtual void GuiPanelModuleCtrl::Prologue(): IS GUTS name = RunParams.ABBA_Crate.ABBA_19:1.GUTS
virtual void GuiPanelModuleCtrl::Prologue(): IS PUBLISH_STATUS_FROM_STATE name = RunParams.ABBA_Crate.ABBA_19:1.PUBLISH_STATUS_FROM_STATE
Thread::EntryPoint (void *): Call user's main function of GuiPanelModuleCtrl<ABBA_19:1>
[140278503495424] New thread "GuiPanelModuleCtrl<ABBA_19:1>" was started
2016-Sep-23 16:27:05,580 DEBUG_0 [virtual void RccRunnable::Setup(...) at RodCrate/src/monitoring/RccRunnable.cpp:228] IS name is RunParams.ABBA_Crate.Software.Thread.AbbaIoCtrl<ABBA_19:1>
2016-Sep-23 16:27:05,581 DEBUG_0 [bool RunCtrlActions::AddControllable(...) at RodCrate/src/controller/RunCtrlActions.cpp:245] Add controllable object DAQ_Object<ABBA_19:1>@DaqObject
Thread::EntryPoint (void *): Call user's main function of AbbaIoCtrl<ABBA_19:1>
[140278501394176] New thread "AbbaIoCtrl<ABBA_19:1>" was started
DEBUG : COUCOU Alexis
2016-Sep-23 16:27:05,582 DEBUG_0 [virtual void RccRunnable::Setup(...) at RodCrate/src/monitoring/RccRunnable.cpp:228] IS name is RunParams.ABBA_Crate.Software.Thread.GuiPanelModuleCtrl<ABBA_19:2>
virtual void GuiPanelModuleCtrl::Prologue(): IS STATUS name = RunParams.ABBA_Crate.ABBA_19:2.STATUS
virtual void GuiPanelModuleCtrl::Prologue(): IS PARAMS name = RunParams.ABBA_Crate.ABBA_19:2.PARAMS
virtual void GuiPanelModuleCtrl::Prologue(): IS CONFIG FILE name = RunParams.ABBA_Crate.ABBA_19:2.CONFIG_FILE
virtual void GuiPanelModuleCtrl::Prologue(): IS REFRESH_GUTS name = RunParams.ABBA_Crate.ABBA_19:2.REFRESH_GUTS
virtual void GuiPanelModuleCtrl::Prologue(): IS GUTS name = RunParams.ABBA_Crate.ABBA_19:2.GUTS
virtual void GuiPanelModuleCtrl::Prologue(): IS PUBLISH_STATUS_FROM_STATE name = RunParams.ABBA_Crate.ABBA_19:2.PUBLISH_STATUS_FROM_STATE
Thread::EntryPoint (void *): Call user's main function of GuiPanelModuleCtrl<ABBA_19:2>
[140278499292928] New thread "GuiPanelModuleCtrl<ABBA_19:2>" was started
2016-Sep-23 16:27:05,585 DEBUG_0 [virtual void RccRunnable::Setup(...) at RodCrate/src/monitoring/RccRunnable.cpp:228] IS name is RunParams.ABBA_Crate.Software.Thread.AbbaIoCtrl<ABBA_19:2>
2016-Sep-23 16:27:05,585 DEBUG_0 [bool RunCtrlActions::AddControllable(...) at RodCrate/src/controller/RunCtrlActions.cpp:245] Add controllable object DAQ_Object<ABBA_19:2>@DaqObject
Thread::EntryPoint (void *): Call user's main function of AbbaIoCtrl<ABBA_19:2>
[140278497191680] New thread "AbbaIoCtrl<ABBA_19:2>" was started
DEBUG : COUCOU Alexis
2016-Sep-23 16:27:05,586 DEBUG_0 [virtual void RccRunnable::Setup(...) at RodCrate/src/monitoring/RccRunnable.cpp:228] IS name is RunParams.ABBA_Crate.Software.Thread.GuiPanelModuleCtrl<ABBA_20:2>
virtual void GuiPanelModuleCtrl::Prologue(): IS STATUS name = RunParams.ABBA_Crate.ABBA_20:2.STATUS
virtual void GuiPanelModuleCtrl::Prologue(): IS PARAMS name = RunParams.ABBA_Crate.ABBA_20:2.PARAMS
virtual void GuiPanelModuleCtrl::Prologue(): IS CONFIG FILE name = RunParams.ABBA_Crate.ABBA_20:2.CONFIG_FILE
virtual void GuiPanelModuleCtrl::Prologue(): IS REFRESH_GUTS name = RunParams.ABBA_Crate.ABBA_20:2.REFRESH_GUTS
virtual void GuiPanelModuleCtrl::Prologue(): IS GUTS name = RunParams.ABBA_Crate.ABBA_20:2.GUTS
virtual void GuiPanelModuleCtrl::Prologue(): IS PUBLISH_STATUS_FROM_STATE name = RunParams.ABBA_Crate.ABBA_20:2.PUBLISH_STATUS_FROM_STATE
Thread::EntryPoint (void *): Call user's main function of GuiPanelModuleCtrl<ABBA_20:2>
[140278495090432] New thread "GuiPanelModuleCtrl<ABBA_20:2>" was started
2016-Sep-23 16:27:05,589 DEBUG_0 [virtual void RccRunnable::Setup(...) at RodCrate/src/monitoring/RccRunnable.cpp:228] IS name is RunParams.ABBA_Crate.Software.Thread.AbbaIoCtrl<ABBA_20:2>
2016-Sep-23 16:27:05,590 DEBUG_0 [bool RunCtrlActions::AddControllable(...) at RodCrate/src/controller/RunCtrlActions.cpp:245] Add controllable object DAQ_Object<ABBA_20:2>@DaqObject
Thread::EntryPoint (void *): Call user's main function of AbbaIoCtrl<ABBA_20:2>
[140278492989184] New thread "AbbaIoCtrl<ABBA_20:2>" was started
DEBUG : COUCOU Alexis
2016-Sep-23 16:27:05,590 DEBUG_0 [virtual void RccRunnable::Setup(...) at RodCrate/src/monitoring/RccRunnable.cpp:228] IS name is RunParams.ABBA_Crate.Software.Thread.SoftwareMonitoring
Thread::EntryPoint (void *): Call user's main function of SoftwareMonitoring
[140278490887936] New thread "SoftwareMonitoring" was started
2016-Sep-23 16:27:05,599 LOG [static void IPCCore::init(...) at ipc/src/core.cc:206] IPCCore has been already initialized
2016-Sep-23 16:27:10,590 INFO [virtual void RunCrateCtrlActions::subTransition(...) at RodCrate/src/controller/RunCrateCtrlActions.cpp:300] Transition "SUB_CONFIGURE_READ_DB" has been done
virtual bool IpBus::Init_()----------- IpBus Init ------------
virtual bool IpBus::Init_()----------- IpBus Init ------------
virtual bool IpBus::Init_()----------- IpBus Init ------------
virtual bool IpBus::Init_()----------- IpBus Init ------------
2016-Sep-23 16:27:10,661 INFO [virtual void RunCrateCtrlActions::subTransition(...) at RodCrate/src/controller/RunCrateCtrlActions.cpp:300] Transition "SUB_CONFIGURE_1" has been done
2016-Sep-23 16:27:10,675 INFO [virtual void RunCrateCtrlActions::subTransition(...) at RodCrate/src/controller/RunCrateCtrlActions.cpp:300] Transition "SUB_CONFIGURE_2" has been done
2016-Sep-23 16:27:10,687 INFO [virtual void RunCrateCtrlActions::subTransition(...) at RodCrate/src/controller/RunCrateCtrlActions.cpp:300] Transition "SUB_CONFIGURE_3" has been done
virtual bool Abba::Load_()----------- Abba Load ------------
virtual bool Abba::Load_()----------- Abba Load ------------
virtual bool Abba::Load_()----------- Abba Load ------------
virtual bool Abba::Load_()----------- Abba Load ------------
2016-Sep-23 16:27:10,703 INFO [virtual void RunCrateCtrlActions::configure(...) at RodCrate/src/controller/RunCrateCtrlActions.cpp:252] Transition "CONFIGURE" has been done
virtual bool Abba::Config_()----------- Abba Config ------------
bool IpBus::ipBusConfig()----------- IpBus Config ------------
virtual bool Abba::Config_() Numbers of locked fibres below which warnings/errors are thrown:  Ppod0=7/5 Ppod1=7/5
2016-Sep-23 16:27:11,725 INFO [virtual bool Abba::Config_(...) at Abba/src/Abba.cpp:286] [] object 'ABBA_18:2': ipbusudp-2.0://10.145.91.18:2 IpBus configuration done !
2016-Sep-23 16:27:11,726 INFO [virtual bool Abba::Config_(...) at Abba/src/Abba.cpp:364] [] object 'ABBA_18:2':  Numbers of locked fibres below which warnings/errors are thrown:  Ppod0=7/5 Ppod1=7/5

2016-Sep-23 16:27:11,726 INFO [virtual bool Abba::Config_(...) at Abba/src/Abba.cpp:367] [] object 'ABBA_18:2': ipbusudp-2.0://10.145.91.18:2 AbbaConfiguration done !
virtual bool Abba::Config_()----------- Abba Config ------------
bool IpBus::ipBusConfig()----------- IpBus Config ------------
virtual bool Abba::Config_() Numbers of locked fibres below which warnings/errors are thrown:  Ppod0=7/5 Ppod1=7/5
2016-Sep-23 16:27:12,730 INFO [virtual bool Abba::Config_(...) at Abba/src/Abba.cpp:286] [] object 'ABBA_19:1': ipbusudp-2.0://10.145.91.19:1 IpBus configuration done !
2016-Sep-23 16:27:12,730 INFO [virtual bool Abba::Config_(...) at Abba/src/Abba.cpp:364] [] object 'ABBA_19:1':  Numbers of locked fibres below which warnings/errors are thrown:  Ppod0=7/5 Ppod1=7/5

2016-Sep-23 16:27:12,731 INFO [virtual bool Abba::Config_(...) at Abba/src/Abba.cpp:367] [] object 'ABBA_19:1': ipbusudp-2.0://10.145.91.19:1 AbbaConfiguration done !
virtual bool Abba::Config_()----------- Abba Config ------------
bool IpBus::ipBusConfig()----------- IpBus Config ------------
virtual bool Abba::Config_() Numbers of locked fibres below which warnings/errors are thrown:  Ppod0=7/5 Ppod1=7/5
2016-Sep-23 16:27:13,734 INFO [virtual bool Abba::Config_(...) at Abba/src/Abba.cpp:286] [] object 'ABBA_19:2': ipbusudp-2.0://10.145.91.19:2 IpBus configuration done !
2016-Sep-23 16:27:13,735 INFO [virtual bool Abba::Config_(...) at Abba/src/Abba.cpp:364] [] object 'ABBA_19:2':  Numbers of locked fibres below which warnings/errors are thrown:  Ppod0=7/5 Ppod1=7/5

2016-Sep-23 16:27:13,735 INFO [virtual bool Abba::Config_(...) at Abba/src/Abba.cpp:367] [] object 'ABBA_19:2': ipbusudp-2.0://10.145.91.19:2 AbbaConfiguration done !
virtual bool Abba::Config_()----------- Abba Config ------------
bool IpBus::ipBusConfig()----------- IpBus Config ------------
virtual bool Abba::Config_() Numbers of locked fibres below which warnings/errors are thrown:  Ppod0=7/5 Ppod1=7/5
2016-Sep-23 16:27:14,739 INFO [virtual bool Abba::Config_(...) at Abba/src/Abba.cpp:286] [] object 'ABBA_20:2': ipbusudp-2.0://10.145.91.20:2 IpBus configuration done !
2016-Sep-23 16:27:14,740 INFO [virtual bool Abba::Config_(...) at Abba/src/Abba.cpp:364] [] object 'ABBA_20:2':  Numbers of locked fibres below which warnings/errors are thrown:  Ppod0=7/5 Ppod1=7/5

2016-Sep-23 16:27:14,740 INFO [virtual bool Abba::Config_(...) at Abba/src/Abba.cpp:367] [] object 'ABBA_20:2': ipbusudp-2.0://10.145.91.20:2 AbbaConfiguration done !
: Node ID is 0 for object ABBA_18:2
: Node ID is 0 for object ABBA_19:1
: Node ID is 0 for object ABBA_19:2
: Node ID is 0 for object ABBA_20:2
m_destinationNode=<pc-lar-ptm-db-03>
TCPDataOut : connected to pc-lar-ptm-db-03 port 20000
2016-Sep-23 16:27:14,753 INFO [virtual void RunCtrlActions::connect(...) at RodCrate/src/controller/RunCtrlActions.cpp:1939] Transition "CONNECT" has been done
2016-Sep-23 16:27:16,193 DEBUG_0 [bool RunCtrlActions::SetRunParams(...) at RodCrate/src/controller/RunCtrlActions.cpp:1716] RUN PARAMETERS:

	runNumber  = 309221
	maxEvents  = 0
	recEnable  = 1
	trigType   = 100
	runType    = physics
	detMask    = 00000000000000000000000000000000
	beamType   = 1
	beamEnergy = 0
	fileTag    = 
2016-Sep-23 16:27:16,194 DEBUG_0 [virtual void RccRunnable::Setup(...) at RodCrate/src/monitoring/RccRunnable.cpp:228] IS name is RunParams.ABBA_Crate.Software.Thread.HardwareMonitoring
Thread::EntryPoint (void *): Call user's main function of HardwareMonitoring
[140277269464832] New thread "HardwareMonitoring" was started
2016-Sep-23 16:27:16,195 DEBUG_0 [virtual void RccRunnable::Setup(...) at RodCrate/src/monitoring/RccRunnable.cpp:228] IS name is RunParams.ABBA_Crate.Software.Thread.HistogramMonitoring
Thread::EntryPoint (void *): Call user's main function of HistogramMonitoring
[140277267363584] New thread "HistogramMonitoring" was started
2016-Sep-23 16:27:16,196 DEBUG_0 [virtual void RccRunnable::Setup(...) at RodCrate/src/monitoring/RccRunnable.cpp:228] IS name is RunParams.ABBA_Crate.Software.Thread.InterruptDispatcher
Thread::EntryPoint (void *): Call user's main function of InterruptDispatcher
[140277265262336] New thread "InterruptDispatcher" was started
2016-Sep-23 16:27:16,197 DEBUG_0 [virtual void RccRunnable::Setup(...) at RodCrate/src/monitoring/RccRunnable.cpp:228] IS name is RunParams.ABBA_Crate.Software.Thread.BusErrorCatcher
Thread::EntryPoint (void *): Call user's main function of BusErrorCatcher
[140277263161088] New thread "BusErrorCatcher" was started
virtual bool Abba::PrepareForRun_()----------- Abba PrepareForRun ------------
virtual bool Abba::PrepareForRun_()----------- Abba PrepareForRun ------------
virtual bool Abba::PrepareForRun_()----------- Abba PrepareForRun ------------
virtual bool Abba::PrepareForRun_()----------- Abba PrepareForRun ------------
2016-Sep-23 16:27:16,216 INFO [virtual void RunCrateCtrlActions::subTransition(...) at RodCrate/src/controller/RunCrateCtrlActions.cpp:300] Transition "SUB_START_1" has been done
virtual bool Abba::Start_()----------- Abba Start ------------
virtual bool Abba::Start_()----------- Abba Start ------------
virtual bool Abba::Start_()----------- Abba Start ------------
virtual bool Abba::Start_()----------- Abba Start ------------
2016-Sep-23 16:27:16,251 DEBUG_0 [virtual bool DaqObject::Start_(...) at Abba/src/AbbaIoCtrl.cpp:748] DAQ started.
2016-Sep-23 16:27:16,252 DEBUG_0 [virtual bool DaqObject::Start_(...) at Abba/src/AbbaIoCtrl.cpp:748] DAQ started.
2016-Sep-23 16:27:16,252 DEBUG_0 [virtual bool DaqObject::Start_(...) at Abba/src/AbbaIoCtrl.cpp:748] DAQ started.
2016-Sep-23 16:27:16,253 DEBUG_0 [virtual bool DaqObject::Start_(...) at Abba/src/AbbaIoCtrl.cpp:748] DAQ started.
2016-Sep-23 16:27:16,253 DEBUG_0 [virtual void RccRunnable::Setup(...) at RodCrate/src/monitoring/RccRunnable.cpp:228] IS name is RunParams.ABBA_Crate.Software.Thread.Thread_port_20000
Thread::EntryPoint (void *): Call user's main function of Thread_port_20000
[140277261059840] New thread "Thread_port_20000" was started
2016-Sep-23 16:27:16,255 INFO [virtual void RunCrateCtrlActions::prepareForRun(...) at RodCrate/src/controller/RunCrateCtrlActions.cpp:266] Transition "START" has been done
virtual bool Abba::Stop_()----------- Abba Stop ------------
virtual bool Abba::Stop_()----------- Abba Stop ------------
virtual bool Abba::Stop_()----------- Abba Stop ------------
virtual bool Abba::Stop_()----------- Abba Stop ------------
2016-Sep-23 16:28:38,816 INFO [virtual void RunCtrlActions::stopROIB(...) at RodCrate/src/controller/RunCtrlActions.cpp:2037] Transition "STOPROIB" has been done
2016-Sep-23 16:28:38,836 DEBUG_0 [virtual bool DaqObject::StopFE_(...) at Abba/src/AbbaIoCtrl.cpp:767] DAQ stopped.
2016-Sep-23 16:28:38,837 DEBUG_0 [virtual bool DaqObject::StopFE_(...) at Abba/src/AbbaIoCtrl.cpp:767] DAQ stopped.
2016-Sep-23 16:28:38,837 DEBUG_0 [virtual bool DaqObject::StopFE_(...) at Abba/src/AbbaIoCtrl.cpp:767] DAQ stopped.
2016-Sep-23 16:28:38,838 DEBUG_0 [virtual bool DaqObject::StopFE_(...) at Abba/src/AbbaIoCtrl.cpp:767] DAQ stopped.
2016-Sep-23 16:28:38,840 INFO [virtual void RunCtrlActions::stopDC(...) at RodCrate/src/controller/RunCtrlActions.cpp:2049] Transition "STOPDC" has been done
2016-Sep-23 16:28:38,919 INFO [virtual void RunCtrlActions::stopArchiving(...) at RodCrate/src/controller/RunCtrlActions.cpp:2061] Transition "STOPARCHIVING" has been done
virtual bool Abba::Unconfig_()----------- Abba UnConfig ------------
virtual bool Abba::Unconfig_()----------- Abba UnConfig ------------
virtual bool Abba::Unconfig_()----------- Abba UnConfig ------------
virtual bool Abba::Unconfig_()----------- Abba UnConfig ------------
2016-Sep-23 16:28:40,927 INFO [virtual void RunCtrlActions::disconnect(...) at RodCrate/src/controller/RunCtrlActions.cpp:1950] Transition "DISCONNECT" has been done
2016-Sep-23 16:28:40,928 LOG [void daq::rc::ItemCtrlImpl::fsmTransitionDone(...) at RunControl/src/ItemCtrl/ItemCtrlImpl.cxx:604] Pausing the execution of periodic alarms
2016-Sep-23 16:28:40,928 LOG [void daq::rc::ItemCtrlImpl::fsmTransitionDone(...) at RunControl/src/ItemCtrl/ItemCtrlImpl.cxx:606] Periodic alarms have been suspended
virtual bool Abba::Unload_()----------- Abba Unload ------------
virtual bool Abba::Unload_()----------- Abba Unload ------------
virtual bool Abba::Unload_()----------- Abba Unload ------------
virtual bool Abba::Unload_()----------- Abba Unload ------------
2016-Sep-23 16:29:11,558 INFO [virtual void RunCrateCtrlActions::subTransition(...) at RodCrate/src/controller/RunCrateCtrlActions.cpp:300] Transition "SUB_CONFIGURE_READ_DB" has been done
virtual bool IpBus::Init_()----------- IpBus Init ------------
virtual bool IpBus::Init_()----------- IpBus Init ------------
virtual bool IpBus::Init_()----------- IpBus Init ------------
virtual bool IpBus::Init_()----------- IpBus Init ------------
2016-Sep-23 16:29:11,582 INFO [virtual void RunCrateCtrlActions::subTransition(...) at RodCrate/src/controller/RunCrateCtrlActions.cpp:300] Transition "SUB_CONFIGURE_1" has been done
2016-Sep-23 16:29:11,596 INFO [virtual void RunCrateCtrlActions::subTransition(...) at RodCrate/src/controller/RunCrateCtrlActions.cpp:300] Transition "SUB_CONFIGURE_2" has been done
2016-Sep-23 16:29:11,608 INFO [virtual void RunCrateCtrlActions::subTransition(...) at RodCrate/src/controller/RunCrateCtrlActions.cpp:300] Transition "SUB_CONFIGURE_3" has been done
virtual bool Abba::Load_()----------- Abba Load ------------
virtual bool Abba::Load_()----------- Abba Load ------------
virtual bool Abba::Load_()----------- Abba Load ------------
virtual bool Abba::Load_()----------- Abba Load ------------
2016-Sep-23 16:29:11,625 INFO [virtual void RunCrateCtrlActions::configure(...) at RodCrate/src/controller/RunCrateCtrlActions.cpp:252] Transition "CONFIGURE" has been done
virtual bool Abba::Config_()----------- Abba Config ------------
bool IpBus::ipBusConfig()----------- IpBus Config ------------
virtual bool Abba::Config_() Numbers of locked fibres below which warnings/errors are thrown:  Ppod0=7/5 Ppod1=7/5
2016-Sep-23 16:29:12,644 INFO [virtual bool Abba::Config_(...) at Abba/src/Abba.cpp:286] [] object 'ABBA_18:2': ipbusudp-2.0://10.145.91.18:2 IpBus configuration done !
2016-Sep-23 16:29:12,645 INFO [virtual bool Abba::Config_(...) at Abba/src/Abba.cpp:364] [] object 'ABBA_18:2':  Numbers of locked fibres below which warnings/errors are thrown:  Ppod0=7/5 Ppod1=7/5

2016-Sep-23 16:29:12,645 INFO [virtual bool Abba::Config_(...) at Abba/src/Abba.cpp:367] [] object 'ABBA_18:2': ipbusudp-2.0://10.145.91.18:2 AbbaConfiguration done !
virtual bool Abba::Config_()----------- Abba Config ------------
bool IpBus::ipBusConfig()----------- IpBus Config ------------
virtual bool Abba::Config_() Numbers of locked fibres below which warnings/errors are thrown:  Ppod0=7/5 Ppod1=7/5
2016-Sep-23 16:29:13,649 INFO [virtual bool Abba::Config_(...) at Abba/src/Abba.cpp:286] [] object 'ABBA_19:1': ipbusudp-2.0://10.145.91.19:1 IpBus configuration done !
2016-Sep-23 16:29:13,650 INFO [virtual bool Abba::Config_(...) at Abba/src/Abba.cpp:364] [] object 'ABBA_19:1':  Numbers of locked fibres below which warnings/errors are thrown:  Ppod0=7/5 Ppod1=7/5

2016-Sep-23 16:29:13,650 INFO [virtual bool Abba::Config_(...) at Abba/src/Abba.cpp:367] [] object 'ABBA_19:1': ipbusudp-2.0://10.145.91.19:1 AbbaConfiguration done !
virtual bool Abba::Config_()----------- Abba Config ------------
bool IpBus::ipBusConfig()----------- IpBus Config ------------
virtual bool Abba::Config_() Numbers of locked fibres below which warnings/errors are thrown:  Ppod0=7/5 Ppod1=7/5
2016-Sep-23 16:29:14,654 INFO [virtual bool Abba::Config_(...) at Abba/src/Abba.cpp:286] [] object 'ABBA_19:2': ipbusudp-2.0://10.145.91.19:2 IpBus configuration done !
2016-Sep-23 16:29:14,654 INFO [virtual bool Abba::Config_(...) at Abba/src/Abba.cpp:364] [] object 'ABBA_19:2':  Numbers of locked fibres below which warnings/errors are thrown:  Ppod0=7/5 Ppod1=7/5

2016-Sep-23 16:29:14,655 INFO [virtual bool Abba::Config_(...) at Abba/src/Abba.cpp:367] [] object 'ABBA_19:2': ipbusudp-2.0://10.145.91.19:2 AbbaConfiguration done !
virtual bool Abba::Config_()----------- Abba Config ------------
bool IpBus::ipBusConfig()----------- IpBus Config ------------
virtual bool Abba::Config_() Numbers of locked fibres below which warnings/errors are thrown:  Ppod0=7/5 Ppod1=7/5
2016-Sep-23 16:29:15,658 INFO [virtual bool Abba::Config_(...) at Abba/src/Abba.cpp:286] [] object 'ABBA_20:2': ipbusudp-2.0://10.145.91.20:2 IpBus configuration done !
2016-Sep-23 16:29:15,659 INFO [virtual bool Abba::Config_(...) at Abba/src/Abba.cpp:364] [] object 'ABBA_20:2':  Numbers of locked fibres below which warnings/errors are thrown:  Ppod0=7/5 Ppod1=7/5

2016-Sep-23 16:29:15,660 INFO [virtual bool Abba::Config_(...) at Abba/src/Abba.cpp:367] [] object 'ABBA_20:2': ipbusudp-2.0://10.145.91.20:2 AbbaConfiguration done !
: Node ID is 0 for object ABBA_18:2
: Node ID is 0 for object ABBA_19:1
: Node ID is 0 for object ABBA_19:2
: Node ID is 0 for object ABBA_20:2
m_destinationNode=<pc-lar-ptm-db-03>
TCPDataOut : connected to pc-lar-ptm-db-03 port 20000
2016-Sep-23 16:29:15,676 INFO [virtual void RunCtrlActions::connect(...) at RodCrate/src/controller/RunCtrlActions.cpp:1939] Transition "CONNECT" has been done
virtual bool Abba::ReadStatus()ipbusudp-2.0://10.145.91.20:2 In Ppod0 Fibre Rx6 lost locked state.
virtual bool Abba::ReadStatus()ipbusudp-2.0://10.145.91.18:2 In Ppod1 Fibre Rx7 lost locked state.
virtual bool Abba::Unconfig_()----------- Abba UnConfig ------------
virtual bool Abba::Unconfig_()----------- Abba UnConfig ------------
virtual bool Abba::Unconfig_()----------- Abba UnConfig ------------
virtual bool Abba::Unconfig_()----------- Abba UnConfig ------------
2016-Sep-23 16:29:29,868 INFO [virtual void RunCtrlActions::disconnect(...) at RodCrate/src/controller/RunCtrlActions.cpp:1950] Transition "DISCONNECT" has been done
2016-Sep-23 16:29:29,869 LOG [void daq::rc::ItemCtrlImpl::fsmTransitionDone(...) at RunControl/src/ItemCtrl/ItemCtrlImpl.cxx:604] Pausing the execution of periodic alarms
2016-Sep-23 16:29:29,869 LOG [void daq::rc::ItemCtrlImpl::fsmTransitionDone(...) at RunControl/src/ItemCtrl/ItemCtrlImpl.cxx:606] Periodic alarms have been suspended
virtual bool Abba::Unload_()----------- Abba Unload ------------
virtual bool Abba::Unload_()----------- Abba Unload ------------
virtual bool Abba::Unload_()----------- Abba Unload ------------
virtual bool Abba::Unload_()----------- Abba Unload ------------
2016-Sep-23 16:30:47,172 INFO [virtual void RunCrateCtrlActions::subTransition(...) at RodCrate/src/controller/RunCrateCtrlActions.cpp:300] Transition "SUB_CONFIGURE_READ_DB" has been done
virtual bool IpBus::Init_()----------- IpBus Init ------------
virtual bool IpBus::Init_()----------- IpBus Init ------------
virtual bool IpBus::Init_()----------- IpBus Init ------------
virtual bool IpBus::Init_()----------- IpBus Init ------------
2016-Sep-23 16:30:47,195 INFO [virtual void RunCrateCtrlActions::subTransition(...) at RodCrate/src/controller/RunCrateCtrlActions.cpp:300] Transition "SUB_CONFIGURE_1" has been done
2016-Sep-23 16:30:47,209 INFO [virtual void RunCrateCtrlActions::subTransition(...) at RodCrate/src/controller/RunCrateCtrlActions.cpp:300] Transition "SUB_CONFIGURE_2" has been done
2016-Sep-23 16:30:47,220 INFO [virtual void RunCrateCtrlActions::subTransition(...) at RodCrate/src/controller/RunCrateCtrlActions.cpp:300] Transition "SUB_CONFIGURE_3" has been done
virtual bool Abba::Load_()----------- Abba Load ------------
virtual bool Abba::Load_()----------- Abba Load ------------
virtual bool Abba::Load_()----------- Abba Load ------------
virtual bool Abba::Load_()----------- Abba Load ------------
2016-Sep-23 16:30:47,236 INFO [virtual void RunCrateCtrlActions::configure(...) at RodCrate/src/controller/RunCrateCtrlActions.cpp:252] Transition "CONFIGURE" has been done
virtual bool Abba::Config_()----------- Abba Config ------------
bool IpBus::ipBusConfig()----------- IpBus Config ------------
virtual bool Abba::Config_() Numbers of locked fibres below which warnings/errors are thrown:  Ppod0=7/5 Ppod1=7/5
2016-Sep-23 16:30:48,257 INFO [virtual bool Abba::Config_(...) at Abba/src/Abba.cpp:286] [] object 'ABBA_18:2': ipbusudp-2.0://10.145.91.18:2 IpBus configuration done !
2016-Sep-23 16:30:48,257 INFO [virtual bool Abba::Config_(...) at Abba/src/Abba.cpp:364] [] object 'ABBA_18:2':  Numbers of locked fibres below which warnings/errors are thrown:  Ppod0=7/5 Ppod1=7/5

2016-Sep-23 16:30:48,258 INFO [virtual bool Abba::Config_(...) at Abba/src/Abba.cpp:367] [] object 'ABBA_18:2': ipbusudp-2.0://10.145.91.18:2 AbbaConfiguration done !
virtual bool Abba::Config_()----------- Abba Config ------------
bool IpBus::ipBusConfig()----------- IpBus Config ------------
virtual bool Abba::Config_() Numbers of locked fibres below which warnings/errors are thrown:  Ppod0=7/5 Ppod1=7/5
2016-Sep-23 16:30:49,262 INFO [virtual bool Abba::Config_(...) at Abba/src/Abba.cpp:286] [] object 'ABBA_19:1': ipbusudp-2.0://10.145.91.19:1 IpBus configuration done !
2016-Sep-23 16:30:49,262 INFO [virtual bool Abba::Config_(...) at Abba/src/Abba.cpp:364] [] object 'ABBA_19:1':  Numbers of locked fibres below which warnings/errors are thrown:  Ppod0=7/5 Ppod1=7/5

2016-Sep-23 16:30:49,263 INFO [virtual bool Abba::Config_(...) at Abba/src/Abba.cpp:367] [] object 'ABBA_19:1': ipbusudp-2.0://10.145.91.19:1 AbbaConfiguration done !
virtual bool Abba::Config_()----------- Abba Config ------------
bool IpBus::ipBusConfig()----------- IpBus Config ------------
virtual bool Abba::Config_() Numbers of locked fibres below which warnings/errors are thrown:  Ppod0=7/5 Ppod1=7/5
2016-Sep-23 16:30:50,267 INFO [virtual bool Abba::Config_(...) at Abba/src/Abba.cpp:286] [] object 'ABBA_19:2': ipbusudp-2.0://10.145.91.19:2 IpBus configuration done !
2016-Sep-23 16:30:50,267 INFO [virtual bool Abba::Config_(...) at Abba/src/Abba.cpp:364] [] object 'ABBA_19:2':  Numbers of locked fibres below which warnings/errors are thrown:  Ppod0=7/5 Ppod1=7/5

2016-Sep-23 16:30:50,268 INFO [virtual bool Abba::Config_(...) at Abba/src/Abba.cpp:367] [] object 'ABBA_19:2': ipbusudp-2.0://10.145.91.19:2 AbbaConfiguration done !
virtual bool Abba::Config_()----------- Abba Config ------------
bool IpBus::ipBusConfig()----------- IpBus Config ------------
virtual bool Abba::Config_() Numbers of locked fibres below which warnings/errors are thrown:  Ppod0=7/5 Ppod1=7/5
2016-Sep-23 16:30:51,271 INFO [virtual bool Abba::Config_(...) at Abba/src/Abba.cpp:286] [] object 'ABBA_20:2': ipbusudp-2.0://10.145.91.20:2 IpBus configuration done !
2016-Sep-23 16:30:51,272 INFO [virtual bool Abba::Config_(...) at Abba/src/Abba.cpp:364] [] object 'ABBA_20:2':  Numbers of locked fibres below which warnings/errors are thrown:  Ppod0=7/5 Ppod1=7/5

2016-Sep-23 16:30:51,273 INFO [virtual bool Abba::Config_(...) at Abba/src/Abba.cpp:367] [] object 'ABBA_20:2': ipbusudp-2.0://10.145.91.20:2 AbbaConfiguration done !
: Node ID is 0 for object ABBA_18:2
: Node ID is 0 for object ABBA_19:1
: Node ID is 0 for object ABBA_19:2
: Node ID is 0 for object ABBA_20:2
m_destinationNode=<pc-lar-ptm-db-03>
TCPDataOut : connected to pc-lar-ptm-db-03 port 20000
2016-Sep-23 16:30:51,289 INFO [virtual void RunCtrlActions::connect(...) at RodCrate/src/controller/RunCtrlActions.cpp:1939] Transition "CONNECT" has been done
2016-Sep-23 16:30:53,598 DEBUG_0 [bool RunCtrlActions::SetRunParams(...) at RodCrate/src/controller/RunCtrlActions.cpp:1716] RUN PARAMETERS:

	runNumber  = 309224
	maxEvents  = 0
	recEnable  = 1
	trigType   = 100
	runType    = larpedestals
	detMask    = 00000000000000000000000000000000
	beamType   = 1
	beamEnergy = 0
	fileTag    = 
2016-Sep-23 16:30:53,599 DEBUG_0 [virtual void RccRunnable::Setup(...) at RodCrate/src/monitoring/RccRunnable.cpp:228] IS name is RunParams.ABBA_Crate.Software.Thread.HardwareMonitoring
Thread::EntryPoint (void *): Call user's main function of HardwareMonitoring
[140277258958592] New thread "HardwareMonitoring" was started
2016-Sep-23 16:30:53,600 DEBUG_0 [virtual void RccRunnable::Setup(...) at RodCrate/src/monitoring/RccRunnable.cpp:228] IS name is RunParams.ABBA_Crate.Software.Thread.HistogramMonitoring
Thread::EntryPoint (void *): Call user's main function of HistogramMonitoring
[140276578371328] New thread "HistogramMonitoring" was started
2016-Sep-23 16:30:53,601 DEBUG_0 [virtual void RccRunnable::Setup(...) at RodCrate/src/monitoring/RccRunnable.cpp:228] IS name is RunParams.ABBA_Crate.Software.Thread.InterruptDispatcher
Thread::EntryPoint (void *): Call user's main function of InterruptDispatcher
[140276576270080] New thread "InterruptDispatcher" was started
2016-Sep-23 16:30:53,602 DEBUG_0 [virtual void RccRunnable::Setup(...) at RodCrate/src/monitoring/RccRunnable.cpp:228] IS name is RunParams.ABBA_Crate.Software.Thread.BusErrorCatcher
Thread::EntryPoint (void *): Call user's main function of BusErrorCatcher
[140276574168832] New thread "BusErrorCatcher" was started
virtual bool Abba::PrepareForRun_()----------- Abba PrepareForRun ------------
virtual bool Abba::PrepareForRun_()----------- Abba PrepareForRun ------------
virtual bool Abba::PrepareForRun_()----------- Abba PrepareForRun ------------
virtual bool Abba::PrepareForRun_()----------- Abba PrepareForRun ------------
2016-Sep-23 16:30:53,621 INFO [virtual void RunCrateCtrlActions::subTransition(...) at RodCrate/src/controller/RunCrateCtrlActions.cpp:300] Transition "SUB_START_1" has been done
virtual bool Abba::Start_()----------- Abba Start ------------
virtual bool Abba::Start_()----------- Abba Start ------------
virtual bool Abba::Start_()----------- Abba Start ------------
virtual bool Abba::Start_()----------- Abba Start ------------
2016-Sep-23 16:30:53,633 DEBUG_0 [virtual bool DaqObject::Start_(...) at Abba/src/AbbaIoCtrl.cpp:748] DAQ started.
2016-Sep-23 16:30:53,634 DEBUG_0 [virtual bool DaqObject::Start_(...) at Abba/src/AbbaIoCtrl.cpp:748] DAQ started.
2016-Sep-23 16:30:53,634 DEBUG_0 [virtual bool DaqObject::Start_(...) at Abba/src/AbbaIoCtrl.cpp:748] DAQ started.
2016-Sep-23 16:30:53,635 DEBUG_0 [virtual bool DaqObject::Start_(...) at Abba/src/AbbaIoCtrl.cpp:748] DAQ started.
2016-Sep-23 16:30:53,635 DEBUG_0 [virtual void RccRunnable::Setup(...) at RodCrate/src/monitoring/RccRunnable.cpp:228] IS name is RunParams.ABBA_Crate.Software.Thread.Thread_port_20000
Thread::EntryPoint (void *): Call user's main function of Thread_port_20000
[140276572067584] New thread "Thread_port_20000" was started
2016-Sep-23 16:30:53,637 INFO [virtual void RunCrateCtrlActions::prepareForRun(...) at RodCrate/src/controller/RunCrateCtrlActions.cpp:266] Transition "START" has been done
[0;31m23-09-16 16:31:20.511887 [7f94affff700] ERROR - Timeout (1000 milliseconds) occurred for UDP receive from target with URI: ipbusudp-2.0://10.145.91.20:2[0m
[0;31m23-09-16 16:31:38.510842 [7f94d890e700] ERROR - Timeout (1000 milliseconds) occurred for UDP receive from target with URI: ipbusudp-2.0://10.145.91.18:2[0m
virtual bool Abba::Stop_()----------- Abba Stop ------------
virtual bool Abba::Stop_()----------- Abba Stop ------------
virtual bool Abba::Stop_()----------- Abba Stop ------------
virtual bool Abba::Stop_()----------- Abba Stop ------------
2016-Sep-23 16:33:49,985 INFO [virtual void RunCtrlActions::stopROIB(...) at RodCrate/src/controller/RunCtrlActions.cpp:2037] Transition "STOPROIB" has been done
2016-Sep-23 16:33:50,003 DEBUG_0 [virtual bool DaqObject::StopFE_(...) at Abba/src/AbbaIoCtrl.cpp:767] DAQ stopped.
2016-Sep-23 16:33:50,004 DEBUG_0 [virtual bool DaqObject::StopFE_(...) at Abba/src/AbbaIoCtrl.cpp:767] DAQ stopped.
2016-Sep-23 16:33:50,004 DEBUG_0 [virtual bool DaqObject::StopFE_(...) at Abba/src/AbbaIoCtrl.cpp:767] DAQ stopped.
2016-Sep-23 16:33:50,005 DEBUG_0 [virtual bool DaqObject::StopFE_(...) at Abba/src/AbbaIoCtrl.cpp:767] DAQ stopped.
2016-Sep-23 16:33:50,006 INFO [virtual void RunCtrlActions::stopDC(...) at RodCrate/src/controller/RunCtrlActions.cpp:2049] Transition "STOPDC" has been done
2016-Sep-23 16:33:50,088 INFO [virtual void RunCtrlActions::stopArchiving(...) at RodCrate/src/controller/RunCtrlActions.cpp:2061] Transition "STOPARCHIVING" has been done
virtual bool Abba::Unconfig_()----------- Abba UnConfig ------------
virtual bool Abba::Unconfig_()----------- Abba UnConfig ------------
virtual bool Abba::Unconfig_()----------- Abba UnConfig ------------
virtual bool Abba::Unconfig_()----------- Abba UnConfig ------------
2016-Sep-23 16:33:51,387 INFO [virtual void RunCtrlActions::disconnect(...) at RodCrate/src/controller/RunCtrlActions.cpp:1950] Transition "DISCONNECT" has been done
2016-Sep-23 16:33:51,387 LOG [void daq::rc::ItemCtrlImpl::fsmTransitionDone(...) at RunControl/src/ItemCtrl/ItemCtrlImpl.cxx:604] Pausing the execution of periodic alarms
2016-Sep-23 16:33:51,387 LOG [void daq::rc::ItemCtrlImpl::fsmTransitionDone(...) at RunControl/src/ItemCtrl/ItemCtrlImpl.cxx:606] Periodic alarms have been suspended
virtual bool Abba::Unload_()----------- Abba Unload ------------
virtual bool Abba::Unload_()----------- Abba Unload ------------
virtual bool Abba::Unload_()----------- Abba Unload ------------
virtual bool Abba::Unload_()----------- Abba Unload ------------
2016-Sep-23 16:42:15,436 LOG [virtual void RunCtrlActions::onExit(...) at RodCrate/src/controller/RunCtrlActions.cpp:1893] Exiting while in state 'INITIAL'
bool RunCtrlActions::RemoveObject(Larg::OnlineObject*, bool): delete HardwareMonitoring@RccThread object
bool RunCtrlActions::RemoveObject(Larg::OnlineObject*, bool): delete HistogramMonitoring@RccThread object
bool RunCtrlActions::RemoveObject(Larg::OnlineObject*, bool): delete InterruptDispatcher@RccThread object
bool RunCtrlActions::RemoveObject(Larg::OnlineObject*, bool): delete BusErrorCatcher@RccThread object
bool RunCtrlActions::RemoveObject(Larg::OnlineObject*, bool): delete FragmentCollector<partition:LArABBA>@RccThread object
bool RunCtrlActions::RemoveObject(Larg::OnlineObject*, bool): delete GuiPanelGlobalCtrl<partition:LArABBA>@RccThread object
bool RunCtrlActions::RemoveObject(Larg::OnlineObject*, bool): delete GuiPanelModuleCtrl<ABBA_18:2>@RccThread object
bool RunCtrlActions::RemoveObject(Larg::OnlineObject*, bool): delete AbbaIoCtrl<ABBA_18:2>@RccThread object
bool RunCtrlActions::RemoveObject(Larg::OnlineObject*, bool): delete GuiPanelModuleCtrl<ABBA_19:1>@RccThread object
bool RunCtrlActions::RemoveObject(Larg::OnlineObject*, bool): delete AbbaIoCtrl<ABBA_19:1>@RccThread object
bool RunCtrlActions::RemoveObject(Larg::OnlineObject*, bool): delete GuiPanelModuleCtrl<ABBA_19:2>@RccThread object
bool RunCtrlActions::RemoveObject(Larg::OnlineObject*, bool): delete AbbaIoCtrl<ABBA_19:2>@RccThread object
bool RunCtrlActions::RemoveObject(Larg::OnlineObject*, bool): delete GuiPanelModuleCtrl<ABBA_20:2>@RccThread object
bool RunCtrlActions::RemoveObject(Larg::OnlineObject*, bool): delete AbbaIoCtrl<ABBA_20:2>@RccThread object
bool RunCtrlActions::RemoveObject(Larg::OnlineObject*, bool): delete SoftwareMonitoring@RccThread object
bool RunCtrlActions::RemoveObject(Larg::OnlineObject*, bool): delete main<ABBA_Controller>@RccProcess object
virtual void RunCtrlActions::Clean(): call destructor for MessageInterceptor Message interceptor object
virtual void RunCtrlActions::Clean(): call destructor for BusErrorMonitor VMEbus error monitor object
virtual void RunCtrlActions::Clean(): call destructor for AbbaRequestQ AbbaRequestQ object
virtual void RunCtrlActions::Clean(): call destructor for ExtIoCtrlFactory<FragmentCollector> ExtIoCtrlObject_GLOBAL object
virtual void RunCtrlActions::Clean(): call destructor for ExtIoCtrlFactory<GuiPanelGlobalCtrl> ExtIoCtrlObject_GLOBAL object
virtual void RunCtrlActions::Clean(): call destructor for ExtIoCtrlFactory<GuiPanelModuleCtrl> ExtIoCtrlObject_CALIBRATION object
virtual void RunCtrlActions::Clean(): call destructor for ExtIoCtrlFactory<GuiPanelModuleCtrl> ExtIoCtrlObject_CONTROLLER object
virtual void RunCtrlActions::Clean(): call destructor for ExtIoCtrlFactory<GuiPanelModuleCtrl> ExtIoCtrlObject_FEB object
virtual void RunCtrlActions::Clean(): call destructor for ExtIoCtrlFactory<GuiPanelModuleCtrl> ExtIoCtrlObject_TIMING object
virtual void RunCtrlActions::Clean(): call destructor for ExtIoCtrlFactory<GuiPanelModuleCtrl> ExtIoCtrlObject_TBM object
virtual void RunCtrlActions::Clean(): call destructor for ExtIoCtrlFactory<GuiPanelModuleCtrl> ExtIoCtrlObject_INJECTOR object
virtual void RunCtrlActions::Clean(): call destructor for ExtIoCtrlFactory<GuiPanelModuleCtrl> ExtIoCtrlObject_ROD object
virtual void RunCtrlActions::Clean(): call destructor for ExtIoCtrlFactory<GuiPanelModuleCtrl> ExtIoCtrlObject_SPAC object
virtual void RunCtrlActions::Clean(): call destructor for ExtIoCtrlFactory<GuiPanelModuleCtrl> ExtIoCtrlObject_TOWER_BUILDER object
virtual void RunCtrlActions::Clean(): call destructor for ExtIoCtrlFactory<GuiPanelModuleCtrl> ExtIoCtrlObject_VIRTUAL_FEB object
virtual void RunCtrlActions::Clean(): call destructor for ExtIoCtrlFactory<GuiPanelModuleCtrl> ExtIoCtrlObject_TTC object
virtual void RunCtrlActions::Clean(): call destructor for ExtIoCtrlFactory<GuiPanelModuleCtrl> ExtIoCtrlObject_LTP object
virtual void RunCtrlActions::Clean(): call destructor for ExtIoCtrlFactory<GuiPanelModuleCtrl> ExtIoCtrlObject_BUSYMODULE object
virtual void RunCtrlActions::Clean(): call destructor for ExtIoCtrlFactory<GuiPanelModuleCtrl> ExtIoCtrlObject_LTPI object
virtual void RunCtrlActions::Clean(): call destructor for ExtIoCtrlFactory<GuiPanelModuleCtrl> ExtIoCtrlObject_ABBA object
virtual void RunCtrlActions::Clean(): call destructor for ExtIoCtrlFactory<GuiPanelModuleCtrl> ExtIoCtrlObject_ADC object
virtual void RunCtrlActions::Clean(): call destructor for ExtIoCtrlFactory<AbbaIoCtrl> ExtIoCtrlObject_ABBA object
virtual void RunCtrlActions::Clean(): call destructor for Larg::OnlineObject LArABBA object
virtual void RunCtrlActions::Clean(): call destructor for Abba ABBA_18:2 object
virtual void RunCtrlActions::Clean(): call destructor for Abba ABBA_19:1 object
virtual void RunCtrlActions::Clean(): call destructor for Abba ABBA_19:2 object
virtual void RunCtrlActions::Clean(): call destructor for Abba ABBA_20:2 object
